Log file open, 02/19/20 23:52:10
LogWindows: Failed to load 'aqProf.dll' (GetLastError=126)
LogWindows: File 'aqProf.dll' does not exist
LogWindows: Failed to load 'VtuneApi.dll' (GetLastError=126)
LogWindows: File 'VtuneApi.dll' does not exist
LogWindows: Failed to load 'VtuneApi32e.dll' (GetLastError=126)
LogWindows: File 'VtuneApi32e.dll' does not exist
LogConsoleResponse: Display: Failed to find resolution value strings in scalability ini. Falling back to default.
LogInit: Display: Running engine for game: MyProjectMaze
LogPlatformFile: Not using cached read wrapper
LogTaskGraph: Started task graph with 5 named threads and 23 total threads with 3 sets of task threads.
LogStats: Stats thread started at 0.183994
LogD3D11RHI: Loaded GFSDK_Aftermath_Lib.x64.dll
LogICUInternationalization: ICU TimeZone Detection - Raw Offset: +1:00, Platform Override: ''
LogPluginManager: Mounting plugin Paper2D
LogPluginManager: Mounting plugin AISupport
LogPluginManager: Mounting plugin LightPropagationVolume
LogPluginManager: Mounting plugin ActorLayerUtilities
LogPluginManager: Mounting plugin AnimationSharing
LogPluginManager: Mounting plugin CLionSourceCodeAccess
LogPluginManager: Mounting plugin CodeLiteSourceCodeAccess
LogPluginManager: Mounting plugin GitSourceControl
LogPluginManager: Mounting plugin KDevelopSourceCodeAccess
LogPluginManager: Mounting plugin NullSourceCodeAccess
LogPluginManager: Mounting plugin PerforceSourceControl
LogPluginManager: Mounting plugin PlasticSourceControl
LogPluginManager: Mounting plugin SubversionSourceControl
LogPluginManager: Mounting plugin UObjectPlugin
LogPluginManager: Mounting plugin VisualStudioCodeSourceCodeAccess
LogPluginManager: Mounting plugin VisualStudioSourceCodeAccess
LogPluginManager: Mounting plugin XCodeSourceCodeAccess
LogPluginManager: Mounting plugin AssetManagerEditor
LogPluginManager: Mounting plugin CryptoKeys
LogPluginManager: Mounting plugin CurveEditorTools
LogPluginManager: Mounting plugin DataValidation
LogPluginManager: Mounting plugin FacialAnimation
LogPluginManager: Mounting plugin GameplayTagsEditor
LogPluginManager: Mounting plugin MacGraphicsSwitching
LogPluginManager: Mounting plugin MaterialAnalyzer
LogPluginManager: Mounting plugin MobileLauncherProfileWizard
LogPluginManager: Mounting plugin PluginBrowser
LogPluginManager: Mounting plugin SpeedTreeImporter
LogPluginManager: Mounting plugin DatasmithContent
LogPluginManager: Mounting plugin VariantManagerContent
LogPluginManager: Mounting plugin AlembicImporter
LogPluginManager: Mounting plugin AutomationUtils
LogPluginManager: Mounting plugin BackChannel
LogPluginManager: Mounting plugin CharacterAI
LogPluginManager: Mounting plugin GeometryCache
LogPluginManager: Mounting plugin PlatformCrypto
LogPluginManager: Mounting plugin ProxyLODPlugin
LogPluginManager: Mounting plugin SkeletalReduction
LogPluginManager: Mounting plugin MagicLeap
LogPluginManager: Mounting plugin MagicLeapMedia
LogPluginManager: Mounting plugin MLSDK
LogPluginManager: Mounting plugin AndroidMedia
LogPluginManager: Mounting plugin AvfMedia
LogPluginManager: Mounting plugin ImgMedia
LogPluginManager: Mounting plugin MediaCompositing
LogPluginManager: Mounting plugin MediaPlayerEditor
LogPluginManager: Mounting plugin WebMMedia
LogPluginManager: Mounting plugin WmfMedia
LogPluginManager: Mounting plugin TcpMessaging
LogPluginManager: Mounting plugin UdpMessaging
LogPluginManager: Mounting plugin ActorSequence
LogPluginManager: Mounting plugin LevelSequenceEditor
LogPluginManager: Mounting plugin MatineeToLevelSequence
LogPluginManager: Mounting plugin NetcodeUnitTest
LogPluginManager: Mounting plugin NUTUnrealEngine4
LogPluginManager: Mounting plugin OnlineSubsystemGooglePlay
LogPluginManager: Mounting plugin OnlineSubsystemIOS
LogPluginManager: Mounting plugin OnlineSubsystem
LogPluginManager: Mounting plugin OnlineSubsystemNull
LogPluginManager: Mounting plugin OnlineSubsystemUtils
LogPluginManager: Mounting plugin LauncherChunkInstaller
LogPluginManager: Mounting plugin AndroidDeviceProfileSelector
LogPluginManager: Mounting plugin AndroidMoviePlayer
LogPluginManager: Mounting plugin AndroidPermission
LogPluginManager: Mounting plugin AppleImageUtils
LogPluginManager: Mounting plugin AppleMoviePlayer
LogPluginManager: Mounting plugin ArchVisCharacter
LogPluginManager: Mounting plugin AssetTags
LogPluginManager: Mounting plugin AudioCapture
LogPluginManager: Mounting plugin CableComponent
LogPluginManager: Mounting plugin CustomMeshComponent
LogPluginManager: Mounting plugin EditableMesh
LogPluginManager: Mounting plugin ExampleDeviceProfileSelector
LogPluginManager: Mounting plugin GoogleCloudMessaging
LogPluginManager: Mounting plugin IOSDeviceProfileSelector
LogPluginManager: Mounting plugin LinuxDeviceProfileSelector
LogPluginManager: Mounting plugin LocationServicesBPLibrary
LogPluginManager: Mounting plugin MobilePatchingUtils
LogPluginManager: Mounting plugin OculusVR
LogPluginManager: Mounting plugin PhysXVehicles
LogPluginManager: Mounting plugin PostSplashScreen
LogPluginManager: Mounting plugin ProceduralMeshComponent
LogPluginManager: Mounting plugin RuntimePhysXCooking
LogPluginManager: Mounting plugin SignificanceManager
LogPluginManager: Mounting plugin SteamVR
LogPluginManager: Mounting plugin WebMMoviePlayer
LogPluginManager: Mounting plugin WindowsMoviePlayer
LogPluginManager: Mounting plugin ScreenshotTools
LogInit: Using libcurl 7.55.1-DEV
LogInit:  - built for x86_64-pc-win32
LogInit:  - supports SSL with OpenSSL/1.1.1
LogInit:  - supports HTTP deflate (compression) using libz 1.2.8
LogInit:  - other features:
LogInit:      CURL_VERSION_SSL
LogInit:      CURL_VERSION_LIBZ
LogInit:      CURL_VERSION_IPV6
LogInit:      CURL_VERSION_ASYNCHDNS
LogInit:      CURL_VERSION_LARGEFILE
LogInit:      CURL_VERSION_IDN
LogInit:  CurlRequestOptions (configurable via config and command line):
LogInit:  - bVerifyPeer = true  - Libcurl will verify peer certificate
LogInit:  - bUseHttpProxy = false  - Libcurl will NOT use HTTP proxy
LogInit:  - bDontReuseConnections = false  - Libcurl will reuse connections
LogInit:  - MaxHostConnections = 16  - Libcurl will limit the number of connections to a host
LogInit:  - LocalHostAddr = Default
LogInit:  - BufferSize = 65536
LogOnline: OSS: Creating online subsystem instance for: NULL
LogInit: WinSock: version 1.1 (2.2), MaxSocks=32767, MaxUdp=65467
LogOnline: OSS: TryLoadSubsystemAndSetDefault: Loaded subsystem for module [NULL]
LogInit: Build: ++UE4+Release-4.24-CL-11100242
LogInit: Engine Version: 4.24.2-11100242+++UE4+Release-4.24
LogInit: Compatible Engine Version: 4.24.0-10570792+++UE4+Release-4.24
LogInit: Net CL: 10570792
LogInit: OS: Windows 10 (Release 1909) (), CPU: Intel(R) Core(TM) i7-7700HQ CPU @ 2.80GHz, GPU: Intel(R) HD Graphics 630
LogInit: Compiled (64-bit): Jan 24 2020 02:05:53
LogInit: Compiled with Visual C++: 19.16.27032.01
LogInit: Build Configuration: Development
LogInit: Branch Name: ++UE4+Release-4.24
LogInit: Command Line:  -EpicPortal -epicusername=chintan.shroff -epicuserid=480a49f3bfce410eba5cd9db0c884c98 -epiclocale=en
LogInit: Base Directory: C:/Program Files/Epic Games/UE_4.24/Engine/Binaries/Win64/
LogInit: Installed Engine Build: 1
LogDevObjectVersion: Number of dev versions registered: 25
LogDevObjectVersion:   Dev-Blueprints (B0D832E4-1F89-4F0D-ACCF-7EB736FD4AA2): 10
LogDevObjectVersion:   Dev-Build (E1C64328-A22C-4D53-A36C-8E866417BD8C): 0
LogDevObjectVersion:   Dev-Core (375EC13C-06E4-48FB-B500-84F0262A717E): 3
LogDevObjectVersion:   Dev-Editor (E4B068ED-F494-42E9-A231-DA0B2E46BB41): 37
LogDevObjectVersion:   Dev-Framework (CFFC743F-43B0-4480-9391-14DF171D2073): 36
LogDevObjectVersion:   Dev-Mobile (B02B49B5-BB20-44E9-A304-32B752E40360): 2
LogDevObjectVersion:   Dev-Networking (A4E4105C-59A1-49B5-A7C5-40C4547EDFEE): 0
LogDevObjectVersion:   Dev-Online (39C831C9-5AE6-47DC-9A44-9C173E1C8E7C): 0
LogDevObjectVersion:   Dev-Physics (78F01B33-EBEA-4F98-B9B4-84EACCB95AA2): 2
LogDevObjectVersion:   Dev-Platform (6631380F-2D4D-43E0-8009-CF276956A95A): 0
LogDevObjectVersion:   Dev-Rendering (12F88B9F-8875-4AFC-A67C-D90C383ABD29): 36
LogDevObjectVersion:   Dev-Sequencer (7B5AE74C-D270-4C10-A958-57980B212A5A): 11
LogDevObjectVersion:   Dev-VR (D7296918-1DD6-4BDD-9DE2-64A83CC13884): 2
LogDevObjectVersion:   Dev-LoadTimes (C2A15278-BFE7-4AFE-6C17-90FF531DF755): 1
LogDevObjectVersion:   Private-Geometry (6EACA3D4-40EC-4CC1-B786-8BED09428FC5): 3
LogDevObjectVersion:   Dev-AnimPhys (29E575DD-E0A3-4627-9D10-D276232CDCEA): 17
LogDevObjectVersion:   Dev-Anim (AF43A65D-7FD3-4947-9873-3E8ED9C1BB05): 2
LogDevObjectVersion:   Dev-ReflectionCapture (6B266CEC-1EC7-4B8F-A30B-E4D90942FC07): 1
LogDevObjectVersion:   Dev-Automation (0DF73D61-A23F-47EA-B727-89E90C41499A): 1
LogDevObjectVersion:   FortniteMain (601D1886-AC64-4F84-AA16-D3DE0DEAC7D6): 31
LogDevObjectVersion:   Dev-Enterprise (9DFFBCD6-494F-0158-E221-12823C92A888): 8
LogDevObjectVersion:   Dev-Niagara (F2AED0AC-9AFE-416F-8664-AA7FFA26D6FC): 1
LogDevObjectVersion:   Dev-Destruction (174F1F0B-B4C6-45A5-B13F-2EE8D0FB917D): 9
LogDevObjectVersion:   Dev-Physics-Ext (35F94A83-E258-406C-A318-09F59610247C): 8
LogDevObjectVersion:   Dev-CineCamera (B2E18506-4273-CFC2-A54E-F4BB758BBA07): 1
LogInit: Presizing for max 25165824 objects, including 0 objects not considered by GC, pre-allocating 0 bytes for permanent pool.
LogInit: Object subsystem initialized
LogConfig: Setting CVar [[con.DebugEarlyDefault:1]]
LogConfig: Setting CVar [[r.setres:1280x720]]
[2020.02.19-22.52.11:191][  0]LogConfig: Setting CVar [[r.VSync:0]]
[2020.02.19-22.52.11:192][  0]LogConfig: Setting CVar [[r.RHICmdBypass:0]]
[2020.02.19-22.52.11:192][  0]LogConfig: Applying CVar settings from Section [/Script/Engine.RendererSettings] File [D:/Chintan/Unreal-test-1/MyProjectMaze/Saved/Config/Windows/Engine.ini]
[2020.02.19-22.52.11:192][  0]LogConfig: Setting CVar [[r.GPUCrashDebugging:0]]
[2020.02.19-22.52.11:192][  0]LogConfig: Applying CVar settings from Section [/Script/Engine.RendererOverrideSettings] File [D:/Chintan/Unreal-test-1/MyProjectMaze/Saved/Config/Windows/Engine.ini]
[2020.02.19-22.52.11:192][  0]LogConfig: Applying CVar settings from Section [/Script/Engine.StreamingSettings] File [D:/Chintan/Unreal-test-1/MyProjectMaze/Saved/Config/Windows/Engine.ini]
[2020.02.19-22.52.11:192][  0]LogConfig: Setting CVar [[s.MinBulkDataSizeForAsyncLoading:131072]]
[2020.02.19-22.52.11:192][  0]LogConfig: Setting CVar [[s.AsyncLoadingThreadEnabled:0]]
[2020.02.19-22.52.11:192][  0]LogConfig: Setting CVar [[s.EventDrivenLoaderEnabled:1]]
[2020.02.19-22.52.11:192][  0]LogConfig: Setting CVar [[s.WarnIfTimeLimitExceeded:0]]
[2020.02.19-22.52.11:192][  0]LogConfig: Setting CVar [[s.TimeLimitExceededMultiplier:1.5]]
[2020.02.19-22.52.11:192][  0]LogConfig: Setting CVar [[s.TimeLimitExceededMinTime:0.005]]
[2020.02.19-22.52.11:192][  0]LogConfig: Setting CVar [[s.UseBackgroundLevelStreaming:1]]
[2020.02.19-22.52.11:192][  0]LogConfig: Setting CVar [[s.PriorityAsyncLoadingExtraTime:15.0]]
[2020.02.19-22.52.11:192][  0]LogConfig: Setting CVar [[s.LevelStreamingActorsUpdateTimeLimit:5.0]]
[2020.02.19-22.52.11:193][  0]LogConfig: Setting CVar [[s.PriorityLevelStreamingActorsUpdateExtraTime:5.0]]
[2020.02.19-22.52.11:193][  0]LogConfig: Setting CVar [[s.LevelStreamingComponentsRegistrationGranularity:10]]
[2020.02.19-22.52.11:193][  0]LogConfig: Setting CVar [[s.UnregisterComponentsTimeLimit:1.0]]
[2020.02.19-22.52.11:193][  0]LogConfig: Setting CVar [[s.LevelStreamingComponentsUnregistrationGranularity:5]]
[2020.02.19-22.52.11:193][  0]LogConfig: Setting CVar [[s.FlushStreamingOnExit:1]]
[2020.02.19-22.52.11:193][  0]LogConfig: Applying CVar settings from Section [/Script/Engine.GarbageCollectionSettings] File [D:/Chintan/Unreal-test-1/MyProjectMaze/Saved/Config/Windows/Engine.ini]
[2020.02.19-22.52.11:193][  0]LogConfig: Setting CVar [[gc.MaxObjectsNotConsideredByGC:1]]
[2020.02.19-22.52.11:193][  0]LogConfig: Setting CVar [[gc.SizeOfPermanentObjectPool:0]]
[2020.02.19-22.52.11:193][  0]LogConfig: Setting CVar [[gc.FlushStreamingOnGC:0]]
[2020.02.19-22.52.11:193][  0]LogConfig: Setting CVar [[gc.NumRetriesBeforeForcingGC:10]]
[2020.02.19-22.52.11:193][  0]LogConfig: Setting CVar [[gc.AllowParallelGC:1]]
[2020.02.19-22.52.11:193][  0]LogConfig: Setting CVar [[gc.TimeBetweenPurgingPendingKillObjects:61.1]]
[2020.02.19-22.52.11:193][  0]LogConfig: Setting CVar [[gc.MaxObjectsInEditor:25165824]]
[2020.02.19-22.52.11:193][  0]LogConfig: Setting CVar [[gc.IncrementalBeginDestroyEnabled:1]]
[2020.02.19-22.52.11:193][  0]LogConfig: Setting CVar [[gc.CreateGCClusters:1]]
[2020.02.19-22.52.11:193][  0]LogConfig: Setting CVar [[gc.MinGCClusterSize:5]]
[2020.02.19-22.52.11:194][  0]LogConfig: Setting CVar [[gc.ActorClusteringEnabled:0]]
[2020.02.19-22.52.11:194][  0]LogConfig: Setting CVar [[gc.BlueprintClusteringEnabled:0]]
[2020.02.19-22.52.11:194][  0]LogConfig: Setting CVar [[gc.UseDisregardForGCOnDedicatedServers:0]]
[2020.02.19-22.52.11:194][  0]LogConfig: Applying CVar settings from Section [/Script/Engine.NetworkSettings] File [D:/Chintan/Unreal-test-1/MyProjectMaze/Saved/Config/Windows/Engine.ini]
[2020.02.19-22.52.11:194][  0]LogConfig: Applying CVar settings from Section [/Script/UnrealEd.CookerSettings] File [D:/Chintan/Unreal-test-1/MyProjectMaze/Saved/Config/Windows/Engine.ini]
[2020.02.19-22.52.11:203][  0]LogConfig: Applying CVar settings from Section [ViewDistanceQuality@3] File [D:/Chintan/Unreal-test-1/MyProjectMaze/Saved/Config/Windows/Scalability.ini]
[2020.02.19-22.52.11:203][  0]LogConfig: Setting CVar [[r.SkeletalMeshLODBias:0]]
[2020.02.19-22.52.11:203][  0]LogConfig: Setting CVar [[r.ViewDistanceScale:1.0]]
[2020.02.19-22.52.11:203][  0]LogConfig: Applying CVar settings from Section [AntiAliasingQuality@3] File [D:/Chintan/Unreal-test-1/MyProjectMaze/Saved/Config/Windows/Scalability.ini]
[2020.02.19-22.52.11:203][  0]LogConfig: Setting CVar [[r.PostProcessAAQuality:4]]
[2020.02.19-22.52.11:204][  0]LogConfig: Applying CVar settings from Section [ShadowQuality@3] File [D:/Chintan/Unreal-test-1/MyProjectMaze/Saved/Config/Windows/Scalability.ini]
[2020.02.19-22.52.11:204][  0]LogConfig: Setting CVar [[r.LightFunctionQuality:1]]
[2020.02.19-22.52.11:204][  0]LogConfig: Setting CVar [[r.ShadowQuality:5]]
[2020.02.19-22.52.11:204][  0]LogConfig: Setting CVar [[r.Shadow.CSM.MaxCascades:10]]
[2020.02.19-22.52.11:204][  0]LogConfig: Setting CVar [[r.Shadow.MaxResolution:2048]]
[2020.02.19-22.52.11:204][  0]LogConfig: Setting CVar [[r.Shadow.MaxCSMResolution:2048]]
[2020.02.19-22.52.11:204][  0]LogConfig: Setting CVar [[r.Shadow.RadiusThreshold:0.01]]
[2020.02.19-22.52.11:204][  0]LogConfig: Setting CVar [[r.Shadow.DistanceScale:1.0]]
[2020.02.19-22.52.11:204][  0]LogConfig: Setting CVar [[r.Shadow.CSM.TransitionScale:1.0]]
[2020.02.19-22.52.11:205][  0]LogConfig: Setting CVar [[r.Shadow.PreShadowResolutionFactor:1.0]]
[2020.02.19-22.52.11:205][  0]LogConfig: Setting CVar [[r.DistanceFieldShadowing:1]]
[2020.02.19-22.52.11:205][  0]LogConfig: Setting CVar [[r.DistanceFieldAO:1]]
[2020.02.19-22.52.11:205][  0]LogConfig: Setting CVar [[r.AOQuality:2]]
[2020.02.19-22.52.11:205][  0]LogConfig: Setting CVar [[r.VolumetricFog:1]]
[2020.02.19-22.52.11:205][  0]LogConfig: Setting CVar [[r.VolumetricFog.GridPixelSize:8]]
[2020.02.19-22.52.11:205][  0]LogConfig: Setting CVar [[r.VolumetricFog.GridSizeZ:128]]
[2020.02.19-22.52.11:205][  0]LogConfig: Setting CVar [[r.VolumetricFog.HistoryMissSupersampleCount:4]]
[2020.02.19-22.52.11:205][  0]LogConfig: Setting CVar [[r.LightMaxDrawDistanceScale:1]]
[2020.02.19-22.52.11:205][  0]LogConfig: Setting CVar [[r.CapsuleShadows:1]]
[2020.02.19-22.52.11:206][  0]LogConfig: Applying CVar settings from Section [PostProcessQuality@3] File [D:/Chintan/Unreal-test-1/MyProjectMaze/Saved/Config/Windows/Scalability.ini]
[2020.02.19-22.52.11:206][  0]LogConfig: Setting CVar [[r.MotionBlurQuality:4]]
[2020.02.19-22.52.11:206][  0]LogConfig: Setting CVar [[r.AmbientOcclusionMipLevelFactor:0.4]]
[2020.02.19-22.52.11:206][  0]LogConfig: Setting CVar [[r.AmbientOcclusionMaxQuality:100]]
[2020.02.19-22.52.11:206][  0]LogConfig: Setting CVar [[r.AmbientOcclusionLevels:-1]]
[2020.02.19-22.52.11:206][  0]LogConfig: Setting CVar [[r.AmbientOcclusionRadiusScale:1.0]]
[2020.02.19-22.52.11:206][  0]LogConfig: Setting CVar [[r.DepthOfFieldQuality:2]]
[2020.02.19-22.52.11:206][  0]LogConfig: Setting CVar [[r.RenderTargetPoolMin:400]]
[2020.02.19-22.52.11:206][  0]LogConfig: Setting CVar [[r.LensFlareQuality:2]]
[2020.02.19-22.52.11:207][  0]LogConfig: Setting CVar [[r.SceneColorFringeQuality:1]]
[2020.02.19-22.52.11:207][  0]LogConfig: Setting CVar [[r.EyeAdaptationQuality:2]]
[2020.02.19-22.52.11:207][  0]LogConfig: Setting CVar [[r.BloomQuality:5]]
[2020.02.19-22.52.11:207][  0]LogConfig: Setting CVar [[r.FastBlurThreshold:100]]
[2020.02.19-22.52.11:207][  0]LogConfig: Setting CVar [[r.Upscale.Quality:3]]
[2020.02.19-22.52.11:207][  0]LogConfig: Setting CVar [[r.Tonemapper.GrainQuantization:1]]
[2020.02.19-22.52.11:207][  0]LogConfig: Setting CVar [[r.LightShaftQuality:1]]
[2020.02.19-22.52.11:207][  0]LogConfig: Setting CVar [[r.Filter.SizeScale:1]]
[2020.02.19-22.52.11:207][  0]LogConfig: Setting CVar [[r.Tonemapper.Quality:5]]
[2020.02.19-22.52.11:207][  0]LogConfig: Setting CVar [[r.DOF.Gather.AccumulatorQuality:1        ; higher gathering accumulator quality]]
[2020.02.19-22.52.11:208][  0]LogConfig: Setting CVar [[r.DOF.Gather.PostfilterMethod:1          ; Median3x3 postfilering method]]
[2020.02.19-22.52.11:208][  0]LogConfig: Setting CVar [[r.DOF.Gather.EnableBokehSettings:0       ; no bokeh simulation when gathering]]
[2020.02.19-22.52.11:208][  0]LogConfig: Setting CVar [[r.DOF.Gather.RingCount:4                 ; medium number of samples when gathering]]
[2020.02.19-22.52.11:208][  0]LogConfig: Setting CVar [[r.DOF.Scatter.ForegroundCompositing:1    ; additive foreground scattering]]
[2020.02.19-22.52.11:208][  0]LogConfig: Setting CVar [[r.DOF.Scatter.BackgroundCompositing:2    ; additive background scattering]]
[2020.02.19-22.52.11:208][  0]LogConfig: Setting CVar [[r.DOF.Scatter.EnableBokehSettings:1      ; bokeh simulation when scattering]]
[2020.02.19-22.52.11:208][  0]LogConfig: Setting CVar [[r.DOF.Scatter.MaxSpriteRatio:0.1         ; only a maximum of 10% of scattered bokeh]]
[2020.02.19-22.52.11:208][  0]LogConfig: Setting CVar [[r.DOF.Recombine.Quality:1                ; cheap slight out of focus]]
[2020.02.19-22.52.11:208][  0]LogConfig: Setting CVar [[r.DOF.Recombine.EnableBokehSettings:0    ; no bokeh simulation on slight out of focus]]
[2020.02.19-22.52.11:208][  0]LogConfig: Setting CVar [[r.DOF.TemporalAAQuality:1                ; more stable temporal accumulation]]
[2020.02.19-22.52.11:208][  0]LogConfig: Setting CVar [[r.DOF.Kernel.MaxForegroundRadius:0.025]]
[2020.02.19-22.52.11:208][  0]LogConfig: Setting CVar [[r.DOF.Kernel.MaxBackgroundRadius:0.025]]
[2020.02.19-22.52.11:208][  0]LogConfig: Applying CVar settings from Section [TextureQuality@3] File [D:/Chintan/Unreal-test-1/MyProjectMaze/Saved/Config/Windows/Scalability.ini]
[2020.02.19-22.52.11:208][  0]LogConfig: Setting CVar [[r.Streaming.MipBias:0]]
[2020.02.19-22.52.11:209][  0]LogConfig: Setting CVar [[r.Streaming.AmortizeCPUToGPUCopy:0]]
[2020.02.19-22.52.11:209][  0]LogConfig: Setting CVar [[r.Streaming.MaxNumTexturesToStreamPerFrame:0]]
[2020.02.19-22.52.11:209][  0]LogConfig: Setting CVar [[r.Streaming.Boost:1]]
[2020.02.19-22.52.11:209][  0]LogConfig: Setting CVar [[r.MaxAnisotropy:8]]
[2020.02.19-22.52.11:209][  0]LogConfig: Setting CVar [[r.VT.MaxAnisotropy:8]]
[2020.02.19-22.52.11:209][  0]LogConfig: Setting CVar [[r.Streaming.LimitPoolSizeToVRAM:0]]
[2020.02.19-22.52.11:209][  0]LogConfig: Setting CVar [[r.Streaming.PoolSize:1000]]
[2020.02.19-22.52.11:209][  0]LogConfig: Setting CVar [[r.Streaming.MaxEffectiveScreenSize:0]]
[2020.02.19-22.52.11:209][  0]LogConfig: Applying CVar settings from Section [EffectsQuality@3] File [D:/Chintan/Unreal-test-1/MyProjectMaze/Saved/Config/Windows/Scalability.ini]
[2020.02.19-22.52.11:209][  0]LogConfig: Setting CVar [[r.TranslucencyLightingVolumeDim:64]]
[2020.02.19-22.52.11:209][  0]LogConfig: Setting CVar [[r.RefractionQuality:2]]
[2020.02.19-22.52.11:209][  0]LogConfig: Setting CVar [[r.SSR.Quality:3]]
[2020.02.19-22.52.11:209][  0]LogConfig: Setting CVar [[r.SSR.HalfResSceneColor:0]]
[2020.02.19-22.52.11:209][  0]LogConfig: Setting CVar [[r.SceneColorFormat:4]]
[2020.02.19-22.52.11:209][  0]LogConfig: Setting CVar [[r.DetailMode:2]]
[2020.02.19-22.52.11:209][  0]LogConfig: Setting CVar [[r.TranslucencyVolumeBlur:1]]
[2020.02.19-22.52.11:210][  0]LogConfig: Setting CVar [[r.MaterialQualityLevel:1 ; High quality]]
[2020.02.19-22.52.11:210][  0]LogConfig: Setting CVar [[r.SSS.Scale:1]]
[2020.02.19-22.52.11:210][  0]LogConfig: Setting CVar [[r.SSS.SampleSet:2]]
[2020.02.19-22.52.11:210][  0]LogConfig: Setting CVar [[r.SSS.Quality:1]]
[2020.02.19-22.52.11:210][  0]LogConfig: Setting CVar [[r.SSS.HalfRes:1]]
[2020.02.19-22.52.11:210][  0]LogConfig: Setting CVar [[r.SSGI.Quality:3]]
[2020.02.19-22.52.11:210][  0]LogConfig: Setting CVar [[r.EmitterSpawnRateScale:1.0]]
[2020.02.19-22.52.11:210][  0]LogConfig: Setting CVar [[r.ParticleLightQuality:2]]
[2020.02.19-22.52.11:210][  0]LogConfig: Setting CVar [[r.SkyAtmosphere.AerialPerspectiveLUT.FastApplyOnOpaque:1 ; Always have FastSkyLUT 1 in this case to avoid wrong sky]]
[2020.02.19-22.52.11:210][  0]LogConfig: Setting CVar [[r.SkyAtmosphere.AerialPerspectiveLUT.SampleCountPerSlice:1]]
[2020.02.19-22.52.11:210][  0]LogConfig: Setting CVar [[r.SkyAtmosphere.AerialPerspectiveLUT.DepthResolution:16.0]]
[2020.02.19-22.52.11:210][  0]LogConfig: Setting CVar [[r.SkyAtmosphere.FastSkyLUT:1]]
[2020.02.19-22.52.11:210][  0]LogConfig: Setting CVar [[r.SkyAtmosphere.FastSkyLUT.SampleCountMin:4.0]]
[2020.02.19-22.52.11:210][  0]LogConfig: Setting CVar [[r.SkyAtmosphere.FastSkyLUT.SampleCountMax:32.0]]
[2020.02.19-22.52.11:210][  0]LogConfig: Setting CVar [[r.SkyAtmosphere.SampleCountMin:4.0]]
[2020.02.19-22.52.11:210][  0]LogConfig: Setting CVar [[r.SkyAtmosphere.SampleCountMax:32.0]]
[2020.02.19-22.52.11:210][  0]LogConfig: Setting CVar [[r.SkyAtmosphere.TransmittanceLUT.UseSmallFormat:0]]
[2020.02.19-22.52.11:211][  0]LogConfig: Setting CVar [[r.SkyAtmosphere.TransmittanceLUT.SampleCount:10.0]]
[2020.02.19-22.52.11:211][  0]LogConfig: Setting CVar [[r.SkyAtmosphere.MultiScatteringLUT.SampleCount:15.0]]
[2020.02.19-22.52.11:211][  0]LogConfig: Applying CVar settings from Section [FoliageQuality@3] File [D:/Chintan/Unreal-test-1/MyProjectMaze/Saved/Config/Windows/Scalability.ini]
[2020.02.19-22.52.11:211][  0]LogConfig: Setting CVar [[foliage.DensityScale:1.0]]
[2020.02.19-22.52.11:211][  0]LogConfig: Setting CVar [[grass.DensityScale:1.0]]
[2020.02.19-22.52.11:211][  0]LogConfig: Applying CVar settings from Section [ShadingQuality@3] File [D:/Chintan/Unreal-test-1/MyProjectMaze/Saved/Config/Windows/Scalability.ini]
[2020.02.19-22.52.11:211][  0]LogConfig: Setting CVar [[r.HairStrands.SkyLighting.SampleCount:16]]
[2020.02.19-22.52.11:211][  0]LogConfig: Setting CVar [[r.HairStrands.SkyLighting.JitterIntegration:0]]
[2020.02.19-22.52.11:211][  0]LogConfig: Setting CVar [[r.HairStrands.SkyAO.SampleCount:16]]
[2020.02.19-22.52.11:211][  0]LogInit: Selected Device Profile: [Windows]
[2020.02.19-22.52.11:211][  0]LogInit: Applying CVar settings loaded from the selected device profile: [Windows]
[2020.02.19-22.52.11:222][  0]LogHAL: Display: Platform has ~ 16 GB [17038475264 / 17179869184 / 16], which maps to Larger [LargestMinGB=32, LargerMinGB=12, DefaultMinGB=8, SmallerMinGB=6, SmallestMinGB=0)
[2020.02.19-22.52.11:223][  0]LogInit: Going up to parent DeviceProfile []
[2020.02.19-22.52.11:223][  0]LogConfig: Applying CVar settings from Section [ViewDistanceQuality@3] File [D:/Chintan/Unreal-test-1/MyProjectMaze/Saved/Config/Windows/Scalability.ini]
[2020.02.19-22.52.11:223][  0]LogConfig: Setting CVar [[r.SkeletalMeshLODBias:0]]
[2020.02.19-22.52.11:223][  0]LogConfig: Setting CVar [[r.ViewDistanceScale:1.0]]
[2020.02.19-22.52.11:223][  0]LogConfig: Applying CVar settings from Section [AntiAliasingQuality@3] File [D:/Chintan/Unreal-test-1/MyProjectMaze/Saved/Config/Windows/Scalability.ini]
[2020.02.19-22.52.11:223][  0]LogConfig: Setting CVar [[r.PostProcessAAQuality:4]]
[2020.02.19-22.52.11:223][  0]LogConfig: Applying CVar settings from Section [ShadowQuality@3] File [D:/Chintan/Unreal-test-1/MyProjectMaze/Saved/Config/Windows/Scalability.ini]
[2020.02.19-22.52.11:223][  0]LogConfig: Setting CVar [[r.LightFunctionQuality:1]]
[2020.02.19-22.52.11:223][  0]LogConfig: Setting CVar [[r.ShadowQuality:5]]
[2020.02.19-22.52.11:223][  0]LogConfig: Setting CVar [[r.Shadow.CSM.MaxCascades:10]]
[2020.02.19-22.52.11:223][  0]LogConfig: Setting CVar [[r.Shadow.MaxResolution:2048]]
[2020.02.19-22.52.11:223][  0]LogConfig: Setting CVar [[r.Shadow.MaxCSMResolution:2048]]
[2020.02.19-22.52.11:223][  0]LogConfig: Setting CVar [[r.Shadow.RadiusThreshold:0.01]]
[2020.02.19-22.52.11:223][  0]LogConfig: Setting CVar [[r.Shadow.DistanceScale:1.0]]
[2020.02.19-22.52.11:224][  0]LogConfig: Setting CVar [[r.Shadow.CSM.TransitionScale:1.0]]
[2020.02.19-22.52.11:224][  0]LogConfig: Setting CVar [[r.Shadow.PreShadowResolutionFactor:1.0]]
[2020.02.19-22.52.11:224][  0]LogConfig: Setting CVar [[r.DistanceFieldShadowing:1]]
[2020.02.19-22.52.11:224][  0]LogConfig: Setting CVar [[r.DistanceFieldAO:1]]
[2020.02.19-22.52.11:224][  0]LogConfig: Setting CVar [[r.AOQuality:2]]
[2020.02.19-22.52.11:224][  0]LogConfig: Setting CVar [[r.VolumetricFog:1]]
[2020.02.19-22.52.11:224][  0]LogConfig: Setting CVar [[r.VolumetricFog.GridPixelSize:8]]
[2020.02.19-22.52.11:224][  0]LogConfig: Setting CVar [[r.VolumetricFog.GridSizeZ:128]]
[2020.02.19-22.52.11:224][  0]LogConfig: Setting CVar [[r.VolumetricFog.HistoryMissSupersampleCount:4]]
[2020.02.19-22.52.11:224][  0]LogConfig: Setting CVar [[r.LightMaxDrawDistanceScale:1]]
[2020.02.19-22.52.11:224][  0]LogConfig: Setting CVar [[r.CapsuleShadows:1]]
[2020.02.19-22.52.11:224][  0]LogConfig: Applying CVar settings from Section [PostProcessQuality@3] File [D:/Chintan/Unreal-test-1/MyProjectMaze/Saved/Config/Windows/Scalability.ini]
[2020.02.19-22.52.11:224][  0]LogConfig: Setting CVar [[r.MotionBlurQuality:4]]
[2020.02.19-22.52.11:224][  0]LogConfig: Setting CVar [[r.AmbientOcclusionMipLevelFactor:0.4]]
[2020.02.19-22.52.11:224][  0]LogConfig: Setting CVar [[r.AmbientOcclusionMaxQuality:100]]
[2020.02.19-22.52.11:224][  0]LogConfig: Setting CVar [[r.AmbientOcclusionLevels:-1]]
[2020.02.19-22.52.11:225][  0]LogConfig: Setting CVar [[r.AmbientOcclusionRadiusScale:1.0]]
[2020.02.19-22.52.11:225][  0]LogConfig: Setting CVar [[r.DepthOfFieldQuality:2]]
[2020.02.19-22.52.11:225][  0]LogConfig: Setting CVar [[r.RenderTargetPoolMin:400]]
[2020.02.19-22.52.11:225][  0]LogConfig: Setting CVar [[r.LensFlareQuality:2]]
[2020.02.19-22.52.11:225][  0]LogConfig: Setting CVar [[r.SceneColorFringeQuality:1]]
[2020.02.19-22.52.11:225][  0]LogConfig: Setting CVar [[r.EyeAdaptationQuality:2]]
[2020.02.19-22.52.11:225][  0]LogConfig: Setting CVar [[r.BloomQuality:5]]
[2020.02.19-22.52.11:225][  0]LogConfig: Setting CVar [[r.FastBlurThreshold:100]]
[2020.02.19-22.52.11:225][  0]LogConfig: Setting CVar [[r.Upscale.Quality:3]]
[2020.02.19-22.52.11:225][  0]LogConfig: Setting CVar [[r.Tonemapper.GrainQuantization:1]]
[2020.02.19-22.52.11:225][  0]LogConfig: Setting CVar [[r.LightShaftQuality:1]]
[2020.02.19-22.52.11:225][  0]LogConfig: Setting CVar [[r.Filter.SizeScale:1]]
[2020.02.19-22.52.11:225][  0]LogConfig: Setting CVar [[r.Tonemapper.Quality:5]]
[2020.02.19-22.52.11:225][  0]LogConfig: Setting CVar [[r.DOF.Gather.AccumulatorQuality:1        ; higher gathering accumulator quality]]
[2020.02.19-22.52.11:225][  0]LogConfig: Setting CVar [[r.DOF.Gather.PostfilterMethod:1          ; Median3x3 postfilering method]]
[2020.02.19-22.52.11:225][  0]LogConfig: Setting CVar [[r.DOF.Gather.EnableBokehSettings:0       ; no bokeh simulation when gathering]]
[2020.02.19-22.52.11:226][  0]LogConfig: Setting CVar [[r.DOF.Gather.RingCount:4                 ; medium number of samples when gathering]]
[2020.02.19-22.52.11:226][  0]LogConfig: Setting CVar [[r.DOF.Scatter.ForegroundCompositing:1    ; additive foreground scattering]]
[2020.02.19-22.52.11:226][  0]LogConfig: Setting CVar [[r.DOF.Scatter.BackgroundCompositing:2    ; additive background scattering]]
[2020.02.19-22.52.11:226][  0]LogConfig: Setting CVar [[r.DOF.Scatter.EnableBokehSettings:1      ; bokeh simulation when scattering]]
[2020.02.19-22.52.11:226][  0]LogConfig: Setting CVar [[r.DOF.Scatter.MaxSpriteRatio:0.1         ; only a maximum of 10% of scattered bokeh]]
[2020.02.19-22.52.11:226][  0]LogConfig: Setting CVar [[r.DOF.Recombine.Quality:1                ; cheap slight out of focus]]
[2020.02.19-22.52.11:226][  0]LogConfig: Setting CVar [[r.DOF.Recombine.EnableBokehSettings:0    ; no bokeh simulation on slight out of focus]]
[2020.02.19-22.52.11:226][  0]LogConfig: Setting CVar [[r.DOF.TemporalAAQuality:1                ; more stable temporal accumulation]]
[2020.02.19-22.52.11:226][  0]LogConfig: Setting CVar [[r.DOF.Kernel.MaxForegroundRadius:0.025]]
[2020.02.19-22.52.11:226][  0]LogConfig: Setting CVar [[r.DOF.Kernel.MaxBackgroundRadius:0.025]]
[2020.02.19-22.52.11:226][  0]LogConfig: Applying CVar settings from Section [TextureQuality@3] File [D:/Chintan/Unreal-test-1/MyProjectMaze/Saved/Config/Windows/Scalability.ini]
[2020.02.19-22.52.11:226][  0]LogConfig: Setting CVar [[r.Streaming.MipBias:0]]
[2020.02.19-22.52.11:226][  0]LogConfig: Setting CVar [[r.Streaming.AmortizeCPUToGPUCopy:0]]
[2020.02.19-22.52.11:226][  0]LogConfig: Setting CVar [[r.Streaming.MaxNumTexturesToStreamPerFrame:0]]
[2020.02.19-22.52.11:226][  0]LogConfig: Setting CVar [[r.Streaming.Boost:1]]
[2020.02.19-22.52.11:226][  0]LogConfig: Setting CVar [[r.MaxAnisotropy:8]]
[2020.02.19-22.52.11:226][  0]LogConfig: Setting CVar [[r.VT.MaxAnisotropy:8]]
[2020.02.19-22.52.11:227][  0]LogConfig: Setting CVar [[r.Streaming.LimitPoolSizeToVRAM:0]]
[2020.02.19-22.52.11:227][  0]LogConfig: Setting CVar [[r.Streaming.PoolSize:1000]]
[2020.02.19-22.52.11:227][  0]LogConfig: Setting CVar [[r.Streaming.MaxEffectiveScreenSize:0]]
[2020.02.19-22.52.11:227][  0]LogConfig: Applying CVar settings from Section [EffectsQuality@3] File [D:/Chintan/Unreal-test-1/MyProjectMaze/Saved/Config/Windows/Scalability.ini]
[2020.02.19-22.52.11:227][  0]LogConfig: Setting CVar [[r.TranslucencyLightingVolumeDim:64]]
[2020.02.19-22.52.11:227][  0]LogConfig: Setting CVar [[r.RefractionQuality:2]]
[2020.02.19-22.52.11:227][  0]LogConfig: Setting CVar [[r.SSR.Quality:3]]
[2020.02.19-22.52.11:227][  0]LogConfig: Setting CVar [[r.SSR.HalfResSceneColor:0]]
[2020.02.19-22.52.11:227][  0]LogConfig: Setting CVar [[r.SceneColorFormat:4]]
[2020.02.19-22.52.11:227][  0]LogConfig: Setting CVar [[r.DetailMode:2]]
[2020.02.19-22.52.11:227][  0]LogConfig: Setting CVar [[r.TranslucencyVolumeBlur:1]]
[2020.02.19-22.52.11:227][  0]LogConfig: Setting CVar [[r.MaterialQualityLevel:1 ; High quality]]
[2020.02.19-22.52.11:227][  0]LogConfig: Setting CVar [[r.SSS.Scale:1]]
[2020.02.19-22.52.11:227][  0]LogConfig: Setting CVar [[r.SSS.SampleSet:2]]
[2020.02.19-22.52.11:227][  0]LogConfig: Setting CVar [[r.SSS.Quality:1]]
[2020.02.19-22.52.11:227][  0]LogConfig: Setting CVar [[r.SSS.HalfRes:1]]
[2020.02.19-22.52.11:227][  0]LogConfig: Setting CVar [[r.SSGI.Quality:3]]
[2020.02.19-22.52.11:227][  0]LogConfig: Setting CVar [[r.EmitterSpawnRateScale:1.0]]
[2020.02.19-22.52.11:227][  0]LogConfig: Setting CVar [[r.ParticleLightQuality:2]]
[2020.02.19-22.52.11:228][  0]LogConfig: Setting CVar [[r.SkyAtmosphere.AerialPerspectiveLUT.FastApplyOnOpaque:1 ; Always have FastSkyLUT 1 in this case to avoid wrong sky]]
[2020.02.19-22.52.11:228][  0]LogConfig: Setting CVar [[r.SkyAtmosphere.AerialPerspectiveLUT.SampleCountPerSlice:1]]
[2020.02.19-22.52.11:228][  0]LogConfig: Setting CVar [[r.SkyAtmosphere.AerialPerspectiveLUT.DepthResolution:16.0]]
[2020.02.19-22.52.11:228][  0]LogConfig: Setting CVar [[r.SkyAtmosphere.FastSkyLUT:1]]
[2020.02.19-22.52.11:228][  0]LogConfig: Setting CVar [[r.SkyAtmosphere.FastSkyLUT.SampleCountMin:4.0]]
[2020.02.19-22.52.11:228][  0]LogConfig: Setting CVar [[r.SkyAtmosphere.FastSkyLUT.SampleCountMax:32.0]]
[2020.02.19-22.52.11:228][  0]LogConfig: Setting CVar [[r.SkyAtmosphere.SampleCountMin:4.0]]
[2020.02.19-22.52.11:228][  0]LogConfig: Setting CVar [[r.SkyAtmosphere.SampleCountMax:32.0]]
[2020.02.19-22.52.11:228][  0]LogConfig: Setting CVar [[r.SkyAtmosphere.TransmittanceLUT.UseSmallFormat:0]]
[2020.02.19-22.52.11:228][  0]LogConfig: Setting CVar [[r.SkyAtmosphere.TransmittanceLUT.SampleCount:10.0]]
[2020.02.19-22.52.11:228][  0]LogConfig: Setting CVar [[r.SkyAtmosphere.MultiScatteringLUT.SampleCount:15.0]]
[2020.02.19-22.52.11:228][  0]LogConfig: Applying CVar settings from Section [FoliageQuality@3] File [D:/Chintan/Unreal-test-1/MyProjectMaze/Saved/Config/Windows/Scalability.ini]
[2020.02.19-22.52.11:228][  0]LogConfig: Setting CVar [[foliage.DensityScale:1.0]]
[2020.02.19-22.52.11:228][  0]LogConfig: Setting CVar [[grass.DensityScale:1.0]]
[2020.02.19-22.52.11:228][  0]LogConfig: Applying CVar settings from Section [ShadingQuality@3] File [D:/Chintan/Unreal-test-1/MyProjectMaze/Saved/Config/Windows/Scalability.ini]
[2020.02.19-22.52.11:229][  0]LogConfig: Setting CVar [[r.HairStrands.SkyLighting.SampleCount:16]]
[2020.02.19-22.52.11:229][  0]LogConfig: Setting CVar [[r.HairStrands.SkyLighting.JitterIntegration:0]]
[2020.02.19-22.52.11:229][  0]LogConfig: Setting CVar [[r.HairStrands.SkyAO.SampleCount:16]]
[2020.02.19-22.52.11:229][  0]LogConfig: Applying CVar settings from Section [Startup] File [../../../Engine/Config/ConsoleVariables.ini]
[2020.02.19-22.52.11:230][  0]LogConfig: Setting CVar [[net.UseAdaptiveNetUpdateFrequency:0]]
[2020.02.19-22.52.11:230][  0]LogConfig: Setting CVar [[p.chaos.AllowCreatePhysxBodies:1]]
[2020.02.19-22.52.11:230][  0]LogConfig: Applying CVar settings from Section [ConsoleVariables] File [D:/Chintan/Unreal-test-1/MyProjectMaze/Saved/Config/Windows/Engine.ini]
[2020.02.19-22.52.11:230][  0]LogInit: Computer: DESKTOP-GEAOKLL
[2020.02.19-22.52.11:230][  0]LogInit: User: Chintan
[2020.02.19-22.52.11:230][  0]LogInit: CPU Page size=4096, Cores=4
[2020.02.19-22.52.11:230][  0]LogInit: High frequency timer resolution =10.000000 MHz
[2020.02.19-22.52.11:231][  0]LogMemory: Memory total: Physical=15.9GB (16GB approx)
[2020.02.19-22.52.11:231][  0]LogMemory: Platform Memory Stats for Windows
[2020.02.19-22.52.11:231][  0]LogMemory: Process Physical Memory: 103.88 MB used, 103.88 MB peak
[2020.02.19-22.52.11:231][  0]LogMemory: Process Virtual Memory: 100.47 MB used, 100.47 MB peak
[2020.02.19-22.52.11:231][  0]LogMemory: Physical Memory: 8162.01 MB used,  8087.14 MB free, 16249.16 MB total
[2020.02.19-22.52.11:231][  0]LogMemory: Virtual Memory: 5137.54 MB used,  134212592.00 MB free, 134217728.00 MB total
[2020.02.19-22.52.11:242][  0]LogWindows: WindowsPlatformFeatures enabled
[2020.02.19-22.52.11:320][  0]LogInit: Using OS detected language (en-US).
[2020.02.19-22.52.11:320][  0]LogInit: Using OS detected locale (en-US).
[2020.02.19-22.52.11:323][  0]LogTextLocalizationManager: No specific localization for 'en-US' exists, so the 'en' localization will be used.
[2020.02.19-22.52.12:045][  0]LogInit: Setting process to per monitor DPI aware
[2020.02.19-22.52.12:157][  0]LogSlate: New Slate User Created.  User Index 0, Is Virtual User: 0
[2020.02.19-22.52.12:157][  0]LogSlate: Slate User Registered.  User Index 0, Is Virtual User: 0
[2020.02.19-22.52.12:919][  0]LogHMD: Failed to initialize OpenVR with code 110
[2020.02.19-22.52.12:919][  0]LogD3D11RHI: D3D11 min allowed feature level: 11_0
[2020.02.19-22.52.12:919][  0]LogD3D11RHI: D3D11 max allowed feature level: 11_0
[2020.02.19-22.52.12:919][  0]LogD3D11RHI: D3D11 adapters:
[2020.02.19-22.52.13:137][  0]LogD3D11RHI:    0. 'NVIDIA GeForce GTX 1060 with Max-Q Design' (Feature Level 11_0)
[2020.02.19-22.52.13:138][  0]LogD3D11RHI:       6052/0/8124 MB DedicatedVideo/DedicatedSystem/SharedSystem, Outputs:1, VendorId:0x10de
[2020.02.19-22.52.13:165][  0]LogD3D11RHI:    1. 'Intel(R) HD Graphics 630' (Feature Level 11_0)
[2020.02.19-22.52.13:165][  0]LogD3D11RHI:       128/0/8124 MB DedicatedVideo/DedicatedSystem/SharedSystem, Outputs:0, VendorId:0x8086
[2020.02.19-22.52.13:173][  0]LogD3D11RHI:    2. 'Microsoft Basic Render Driver' (Feature Level 11_0)
[2020.02.19-22.52.13:173][  0]LogD3D11RHI:       0/0/8124 MB DedicatedVideo/DedicatedSystem/SharedSystem, Outputs:0, VendorId:0x1414
[2020.02.19-22.52.13:173][  0]LogD3D11RHI: Chosen D3D11 Adapter: 0
[2020.02.19-22.52.13:250][  0]LogD3D11RHI: Creating new Direct3DDevice
[2020.02.19-22.52.13:250][  0]LogD3D11RHI:     GPU DeviceId: 0x1c20 (for the marketing name, search the web for "GPU Device Id")
[2020.02.19-22.52.13:250][  0]LogWindows: EnumDisplayDevices:
[2020.02.19-22.52.13:251][  0]LogWindows:    0. 'Intel(R) HD Graphics 630' (P:1 D:1)
[2020.02.19-22.52.13:251][  0]LogWindows:    1. 'Intel(R) HD Graphics 630' (P:0 D:0)
[2020.02.19-22.52.13:252][  0]LogWindows:    2. 'Intel(R) HD Graphics 630' (P:0 D:0)
[2020.02.19-22.52.13:253][  0]LogWindows:    3. 'NVIDIA GeForce GTX 1060 with Max-Q Design' (P:0 D:0)
[2020.02.19-22.52.13:253][  0]LogWindows: DebugString: PrimaryIsNotTheChoosenAdapter PrimaryIsNotTheChoosenAdapter PrimaryIsNotTheChoosenAdapter 
[2020.02.19-22.52.13:253][  0]LogD3D11RHI:     Adapter Name: NVIDIA GeForce GTX 1060 with Max-Q Design
[2020.02.19-22.52.13:253][  0]LogD3D11RHI:   Driver Version: 391.25 (internal:23.21.13.9125, unified:391.25)
[2020.02.19-22.52.13:253][  0]LogD3D11RHI:      Driver Date: 3-16-2018
[2020.02.19-22.52.13:253][  0]LogRHI: Texture pool is 4236 MB (70% of 6052 MB)
[2020.02.19-22.52.13:310][  0]LogD3D11RHI: RHI has support for 64 bit atomics
[2020.02.19-22.52.13:310][  0]LogD3D11RHI: Async texture creation enabled
[2020.02.19-22.52.13:334][  0]LogD3D11RHI: GPU Timing Frequency: 1000.000000 (Debug: 2 2)
[2020.02.19-22.52.13:924][  0]LogTargetPlatformManager: Display: Loaded TargetPlatform 'AllDesktop'
[2020.02.19-22.52.13:994][  0]LogTargetPlatformManager: Display: Loaded TargetPlatform 'Android'
[2020.02.19-22.52.13:994][  0]LogTargetPlatformManager: Display: Loaded TargetPlatform 'Android_ASTC'
[2020.02.19-22.52.13:994][  0]LogTargetPlatformManager: Display: Loaded TargetPlatform 'Android_ATC'
[2020.02.19-22.52.13:994][  0]LogTargetPlatformManager: Display: Loaded TargetPlatform 'Android_DXT'
[2020.02.19-22.52.13:994][  0]LogTargetPlatformManager: Display: Loaded TargetPlatform 'Android_ETC1'
[2020.02.19-22.52.13:994][  0]LogTargetPlatformManager: Display: Loaded TargetPlatform 'Android_ETC1a'
[2020.02.19-22.52.13:994][  0]LogTargetPlatformManager: Display: Loaded TargetPlatform 'Android_ETC2'
[2020.02.19-22.52.13:994][  0]LogTargetPlatformManager: Display: Loaded TargetPlatform 'Android_PVRTC'
[2020.02.19-22.52.13:994][  0]LogTargetPlatformManager: Display: Loaded TargetPlatform 'AndroidClient'
[2020.02.19-22.52.13:994][  0]LogTargetPlatformManager: Display: Loaded TargetPlatform 'Android_ASTCClient'
[2020.02.19-22.52.13:994][  0]LogTargetPlatformManager: Display: Loaded TargetPlatform 'Android_ATCClient'
[2020.02.19-22.52.13:994][  0]LogTargetPlatformManager: Display: Loaded TargetPlatform 'Android_DXTClient'
[2020.02.19-22.52.13:995][  0]LogTargetPlatformManager: Display: Loaded TargetPlatform 'Android_ETC1Client'
[2020.02.19-22.52.13:995][  0]LogTargetPlatformManager: Display: Loaded TargetPlatform 'Android_ETC1aClient'
[2020.02.19-22.52.13:995][  0]LogTargetPlatformManager: Display: Loaded TargetPlatform 'Android_ETC2Client'
[2020.02.19-22.52.13:995][  0]LogTargetPlatformManager: Display: Loaded TargetPlatform 'Android_PVRTCClient'
[2020.02.19-22.52.13:995][  0]LogTargetPlatformManager: Display: Loaded TargetPlatform 'Android_Multi'
[2020.02.19-22.52.13:995][  0]LogTargetPlatformManager: Display: Loaded TargetPlatform 'Android_MultiClient'
[2020.02.19-22.52.14:037][  0]LogTargetPlatformManager: Display: Loaded TargetPlatform 'IOSClient'
[2020.02.19-22.52.14:037][  0]LogTargetPlatformManager: Display: Loaded TargetPlatform 'IOS'
[2020.02.19-22.52.14:055][  0]LogTargetPlatformManager: Display: Loaded TargetPlatform 'LinuxNoEditor'
[2020.02.19-22.52.14:075][  0]LogTargetPlatformManager: Display: Loaded TargetPlatform 'LinuxClient'
[2020.02.19-22.52.14:090][  0]LogTargetPlatformManager: Display: Loaded TargetPlatform 'LinuxServer'
[2020.02.19-22.52.14:105][  0]LogTargetPlatformManager: Display: Loaded TargetPlatform 'LinuxAArch64NoEditor'
[2020.02.19-22.52.14:120][  0]LogTargetPlatformManager: Display: Loaded TargetPlatform 'LinuxAArch64Client'
[2020.02.19-22.52.14:135][  0]LogTargetPlatformManager: Display: Loaded TargetPlatform 'LinuxAArch64Server'
[2020.02.19-22.52.14:187][  0]LogTargetPlatformManager: Display: Loaded TargetPlatform 'Lumin'
[2020.02.19-22.52.14:187][  0]LogTargetPlatformManager: Display: Loaded TargetPlatform 'LuminClient'
[2020.02.19-22.52.14:217][  0]LogTargetPlatformManager: Display: Loaded TargetPlatform 'TVOSClient'
[2020.02.19-22.52.14:217][  0]LogTargetPlatformManager: Display: Loaded TargetPlatform 'TVOS'
[2020.02.19-22.52.14:232][  0]LogTargetPlatformManager: Display: Loaded TargetPlatform 'WindowsNoEditor'
[2020.02.19-22.52.14:248][  0]LogTargetPlatformManager: Display: Loaded TargetPlatform 'Windows'
[2020.02.19-22.52.14:263][  0]LogTargetPlatformManager: Display: Loaded TargetPlatform 'WindowsClient'
[2020.02.19-22.52.14:277][  0]LogTargetPlatformManager: Display: Loaded TargetPlatform 'WindowsServer'
[2020.02.19-22.52.14:277][  0]LogTargetPlatformManager: Display: Building Assets For Windows
[2020.02.19-22.52.14:282][  0]LogAudioDebug: Display: Lib vorbis DLL was dynamically loaded.
[2020.02.19-22.52.14:333][  0]LogShaderCompilers: Guid format shader working directory is 9 characters bigger than the processId version (D:/Chintan/Unreal-test-1/MyProjectMaze/Intermediate/Shaders/WorkingDirectory/13100/).
[2020.02.19-22.52.14:333][  0]LogShaderCompilers: Cleaned the shader compiler working directory 'C:/Users/Chintan/AppData/Local/Temp/UnrealShaderWorkingDir/B16D3264474B125ABA2F3ABB4D13D30D/'.
[2020.02.19-22.52.14:335][  0]LogXGEController: Cannot use XGE Controller as Incredibuild is not installed on this machine.
[2020.02.19-22.52.14:335][  0]LogShaderCompilers: Cannot use XGE Shader Compiler as Incredibuild is not installed on this machine.
[2020.02.19-22.52.14:335][  0]LogShaderCompilers: Display: Using Local Shader Compiler.
[2020.02.19-22.52.15:592][  0]LogDerivedDataCache: Display: Max Cache Size: 512 MB
[2020.02.19-22.52.15:669][  0]LogDerivedDataCache: Loaded boot cache 0.08s 78MB C:/Users/Chintan/AppData/Local/UnrealEngine/4.24/DerivedDataCache/Boot.ddc.
[2020.02.19-22.52.15:669][  0]LogDerivedDataCache: Display: Loaded Boot cache: C:/Users/Chintan/AppData/Local/UnrealEngine/4.24/DerivedDataCache/Boot.ddc
[2020.02.19-22.52.15:669][  0]LogDerivedDataCache: FDerivedDataBackendGraph:  Pak pak cache file D:/Chintan/Unreal-test-1/MyProjectMaze/DerivedDataCache/DDC.ddp not found, will not use a pak cache.
[2020.02.19-22.52.15:669][  0]LogDerivedDataCache: Unable to find inner node Pak for hierarchical cache Hierarchy.
[2020.02.19-22.52.15:669][  0]LogDerivedDataCache: FDerivedDataBackendGraph:  CompressedPak pak cache file D:/Chintan/Unreal-test-1/MyProjectMaze/DerivedDataCache/Compressed.ddp not found, will not use a pak cache.
[2020.02.19-22.52.15:669][  0]LogDerivedDataCache: Unable to find inner node CompressedPak for hierarchical cache Hierarchy.
[2020.02.19-22.52.15:687][  0]LogDerivedDataCache: Display: Pak cache opened for reading ../../../Engine/DerivedDataCache/Compressed.ddp.
[2020.02.19-22.52.15:687][  0]LogDerivedDataCache: FDerivedDataBackendGraph:  EnterprisePak pak cache file ../../../Enterprise/DerivedDataCache/Compressed.ddp not found, will not use a pak cache.
[2020.02.19-22.52.15:687][  0]LogDerivedDataCache: Unable to find inner node EnterprisePak for hierarchical cache Hierarchy.
[2020.02.19-22.52.15:689][  0]LogDerivedDataCache: Using Local data cache path C:/Users/Chintan/AppData/Local/UnrealEngine/Common/DerivedDataCache: Writable
[2020.02.19-22.52.15:689][  0]LogDerivedDataCache: Shared data cache path not found in *engine.ini, will not use an Shared cache.
[2020.02.19-22.52.15:689][  0]LogDerivedDataCache: Unable to find inner node Shared for hierarchical cache Hierarchy.
[2020.02.19-22.52.15:732][  0]LogMaterial: Verifying Global Shaders for PCD3D_SM5
[2020.02.19-22.52.15:736][  0]LogSlate: Using FreeType 2.10.0
[2020.02.19-22.52.15:737][  0]LogSlate: SlateFontServices - WITH_FREETYPE: 1, WITH_HARFBUZZ: 1
[2020.02.19-22.52.15:831][  0]LogAssetRegistry: FAssetRegistry took 0.0042 seconds to start up
[2020.02.19-22.52.16:488][  0]LogInit: Selected Device Profile: [Windows]
[2020.02.19-22.52.16:877][  0]LogMeshReduction: Using QuadricMeshReduction for automatic static mesh reduction
[2020.02.19-22.52.16:877][  0]LogMeshReduction: Using SimplygonMeshReduction for automatic skeletal mesh reduction
[2020.02.19-22.52.16:877][  0]LogMeshReduction: Using ProxyLODMeshReduction for automatic mesh merging
[2020.02.19-22.52.16:877][  0]LogMeshReduction: No distributed automatic mesh merging module available
[2020.02.19-22.52.16:877][  0]LogMeshMerging: No distributed automatic mesh merging module available
[2020.02.19-22.52.16:922][  0]LogNetVersion: MyProjectMaze 1.0.0, NetCL: 10570792, EngineNetVer: 13, GameNetVer: 0 (Checksum: 1626814269)
[2020.02.19-22.52.20:448][  0]LogPackageLocalizationCache: Processed 10 localized package path(s) for 1 prioritized culture(s) in 0.144219 seconds
[2020.02.19-22.52.20:477][  0]LogUObjectArray: 46750 objects as part of root set at end of initial load.
[2020.02.19-22.52.20:477][  0]LogUObjectAllocator: 8137160 out of 0 bytes used by permanent object pool.
[2020.02.19-22.52.20:477][  0]LogUObjectArray: CloseDisregardForGC: 0/0 objects in disregard for GC pool
[2020.02.19-22.52.22:310][  0]LogTcpMessaging: Initializing TcpMessaging bridge
[2020.02.19-22.52.22:319][  0]LogUdpMessaging: Initializing bridge on interface 0.0.0.0:0 to multicast group 230.0.0.1:6666.
[2020.02.19-22.52.22:524][  0]SourceControl: Source control is disabled
[2020.02.19-22.52.22:525][  0]SourceControl: Source control is disabled
[2020.02.19-22.52.22:530][  0]SourceControl: Source control is disabled
[2020.02.19-22.52.22:534][  0]SourceControl: Source control is disabled
[2020.02.19-22.52.22:538][  0]SourceControl: Source control is disabled
[2020.02.19-22.52.22:571][  0]LogVSAccessor: Display: Unable to create Visual Studio setup instance: 80040154
[2020.02.19-22.52.22:574][  0]LogVSAccessor: Display: Unable to create Visual Studio setup instance: 80040154
[2020.02.19-22.52.22:855][  0]LogAndroidPermission: UAndroidPermissionCallbackProxy::GetInstance
[2020.02.19-22.52.22:892][  0]LogAudioCaptureCore: Display: No Audio Capture implementations found. Audio input will be silent.
[2020.02.19-22.52.22:892][  0]LogAudioCaptureCore: Display: No Audio Capture implementations found. Audio input will be silent.
[2020.02.19-22.52.23:303][  0]LogOcInput: OculusInput pre-init called
[2020.02.19-22.52.23:331][  0]LogWindows: Failed to load 'OVRPlugin.dll' (GetLastError=126)
[2020.02.19-22.52.23:331][  0]LogWindows: File 'OVRPlugin.dll' does not exist
[2020.02.19-22.52.23:624][  0]LogEngine: Initializing Engine...
[2020.02.19-22.52.23:627][  0]LogHMD: Failed to initialize OpenVR with code 110
[2020.02.19-22.52.23:632][  0]LogStats: UGameplayTagsManager::InitializeManager -  0.001 s
[2020.02.19-22.52.25:377][  0]LogInit: Initializing FReadOnlyCVARCache
[2020.02.19-22.52.25:407][  0]LogAIModule: Creating AISystem for world Untitled
[2020.02.19-22.52.25:421][  0]LogAudioMixer: Display: Audio Mixer Platform Settings:
[2020.02.19-22.52.25:421][  0]LogAudioMixer: Display: 	Sample Rate:						  48000
[2020.02.19-22.52.25:421][  0]LogAudioMixer: Display: 	Callback Buffer Frame Size Requested: 1024
[2020.02.19-22.52.25:421][  0]LogAudioMixer: Display: 	Callback Buffer Frame Size To Use:	  1024
[2020.02.19-22.52.25:421][  0]LogAudioMixer: Display: 	Number of buffers to queue:			  2
[2020.02.19-22.52.25:421][  0]LogAudioMixer: Display: 	Max Channels (voices):				  32
[2020.02.19-22.52.25:421][  0]LogAudioMixer: Display: 	Number of Async Source Workers:		  0
[2020.02.19-22.52.25:421][  0]LogAudio: Display: AudioDevice MaxSources: 32
[2020.02.19-22.52.25:422][  0]LogAudio: Display: Using built-in audio occlusion.
[2020.02.19-22.52.25:423][  0]LogAudioMixer: Display: Initializing audio mixer.
[2020.02.19-22.52.25:472][  0]LogAudioMixer: Display: Audio Device Output Speaker Info:
[2020.02.19-22.52.25:473][  0]LogAudioMixer: Display: Name: Speakers / Headphones (Realtek Audio)
[2020.02.19-22.52.25:473][  0]LogAudioMixer: Display: Is Default: Yes
[2020.02.19-22.52.25:473][  0]LogAudioMixer: Display: Sample Rate: 48000
[2020.02.19-22.52.25:473][  0]LogAudioMixer: Display: Channel Count Used: 2
[2020.02.19-22.52.25:473][  0]LogAudioMixer: Display: Device Channel Count: 2
[2020.02.19-22.52.25:473][  0]LogAudioMixer: Display: Channel Order:
[2020.02.19-22.52.25:473][  0]LogAudioMixer: Display: 0: FrontLeft
[2020.02.19-22.52.25:473][  0]LogAudioMixer: Display: 1: FrontRight
[2020.02.19-22.52.25:760][  0]LogAudioMixer: Display: Using Audio Device Speakers / Headphones (Realtek Audio)
[2020.02.19-22.52.25:780][  0]LogInit: FAudioDevice initialized.
[2020.02.19-22.52.25:781][  0]LogNetVersion: Set ProjectVersion to 1.0.0.0. Version Checksum will be recalculated on next use.
[2020.02.19-22.52.26:022][  0]LogDerivedDataCache: Saved boot cache 0.24s 78MB C:/Users/Chintan/AppData/Local/UnrealEngine/4.24/DerivedDataCache/Boot.ddc.
[2020.02.19-22.52.26:054][  0]LogInit: Texture streaming: Enabled
[2020.02.19-22.52.26:113][  0]LogEngineSessionManager: EngineSessionManager initialized
[2020.02.19-22.52.26:113][  0]LogEditorSessionSummary: Verbose: Initializing EditorSessionSummaryWriter for editor session tracking
[2020.02.19-22.52.26:130][  0]LogEditorSessionSummary: EditorSessionSummaryWriter initialized
[2020.02.19-22.52.26:390][  0]LogInit: Transaction tracking system initialized
[2020.02.19-22.52.26:444][  0]BlueprintLog: New page: Editor Load
[2020.02.19-22.52.26:601][  0]LocalizationService: Localization service is disabled
[2020.02.19-22.52.26:889][  0]LogVSAccessor: Display: Unable to create Visual Studio setup instance: 80040154
[2020.02.19-22.52.26:892][  0]LogVSAccessor: Display: Unable to create Visual Studio setup instance: 80040154
[2020.02.19-22.52.28:754][  0]LogFileCache: Scanning file cache for directory 'D:/Chintan/Unreal-test-1/MyProjectMaze/Content/' took 0.01s
[2020.02.19-22.52.28:754][  0]LogCook: Display: Max memory allowance for cook 16384mb min free memory 0mb
[2020.02.19-22.52.28:755][  0]LogCook: Display: Mobile HDR setting 1
[2020.02.19-22.52.32:491][  0]SourceControl: Source control is disabled
[2020.02.19-22.52.32:492][  0]Cmd: MAP LOAD FILE="D:/Chintan/Unreal-test-1/MyProjectMaze/Content/Maze.umap" TEMPLATE=0 SHOWPROGRESS=1 FEATURELEVEL=3
[2020.02.19-22.52.32:493][  0]LightingResults: New page: Lighting Build
[2020.02.19-22.52.32:496][  0]LogWorld: UWorld::CleanupWorld for Untitled, bSessionEnded=true, bCleanupResources=true
[2020.02.19-22.52.32:497][  0]LogSlate: InvalidateAllWidgets triggered.  All widgets were invalidated
[2020.02.19-22.52.32:497][  0]MapCheck: New page: Map Check
[2020.02.19-22.52.32:497][  0]LightingResults: New page: Lighting Build
[2020.02.19-22.52.32:632][  0]LogUObjectHash: Compacting FUObjectHashTables data took  10.24ms
[2020.02.19-22.52.33:552][  0]LogAIModule: Creating AISystem for world Maze
[2020.02.19-22.52.33:592][  0]LogEditorServer: Finished looking for orphan Actors (0.000 secs)
[2020.02.19-22.52.33:714][  0]LogUObjectHash: Compacting FUObjectHashTables data took  11.20ms
[2020.02.19-22.52.33:714][  0]Cmd: MAP CHECKDEP NOCLEARLOG
[2020.02.19-22.52.33:715][  0]MapCheck: Map check complete: 0 Error(s), 0 Warning(s), took 0.315ms to complete.
[2020.02.19-22.52.33:715][  0]LogFileHelpers: Loading map 'Maze' took 1.224
[2020.02.19-22.52.34:036][  0]LogSlate: Updating window title bar state: overlay mode, drag disabled, window buttons hidden, title bar hidden
[2020.02.19-22.52.34:078][  0]LogSlate: Updating window title bar state: overlay mode, drag disabled, window buttons hidden, title bar hidden
[2020.02.19-22.52.34:120][  0]LogSlate: Updating window title bar state: overlay mode, drag disabled, window buttons hidden, title bar hidden
[2020.02.19-22.52.34:159][  0]LogSlate: Updating window title bar state: overlay mode, drag disabled, window buttons hidden, title bar hidden
[2020.02.19-22.52.34:189][  0]LogCollectionManager: Loaded 0 collections in 0.011952 seconds
[2020.02.19-22.52.34:370][  0]LogFileCache: Scanning file cache for directory 'D:/Chintan/Unreal-test-1/MyProjectMaze/Saved/Collections/' took 0.01s
[2020.02.19-22.52.34:370][  0]LogFileCache: Scanning file cache for directory 'D:/Chintan/Unreal-test-1/MyProjectMaze/Content/Developers/Chintan/Collections/' took 0.00s
[2020.02.19-22.52.34:370][  0]LogFileCache: Scanning file cache for directory 'D:/Chintan/Unreal-test-1/MyProjectMaze/Content/Collections/' took 0.06s
[2020.02.19-22.52.34:371][  0]LogContentBrowser: Native class hierarchy populated in 0.0902 seconds. Added 3015 classes and 717 folders.
[2020.02.19-22.52.34:390][  0]LogContentBrowser: Native class hierarchy updated for 'WidgetCarousel' in 0.0024 seconds. Added 0 classes and 0 folders.
[2020.02.19-22.52.34:683][  0]LogContentBrowser: Native class hierarchy updated for 'AddContentDialog' in 0.0012 seconds. Added 0 classes and 0 folders.
[2020.02.19-22.52.34:696][  0]LogContentBrowser: Native class hierarchy updated for 'SceneOutliner' in 0.0013 seconds. Added 2 classes and 3 folders.
[2020.02.19-22.52.34:861][  0]LogSlate: Took 0.000739 seconds to synchronously load lazily loaded font '../../../Engine/Content/Slate/Fonts/Roboto-Regular.ttf' (155K)
[2020.02.19-22.52.34:877][  0]LogSlate: Took 0.001245 seconds to synchronously load lazily loaded font '../../../Engine/Content/Slate/Fonts/Roboto-Bold.ttf' (160K)
[2020.02.19-22.52.34:905][  0]LogSlate: Took 0.000510 seconds to synchronously load lazily loaded font '../../../Engine/Content/Editor/Slate/Fonts/FontAwesome.ttf' (139K)
[2020.02.19-22.52.35:383][  0]LogRenderer: Reallocating scene render targets to support 964x432 Format 10 NumSamples 1 (Frame:1).
[2020.02.19-22.52.35:558][  0]LogSlate: Took 0.000479 seconds to synchronously load lazily loaded font '../../../Engine/Content/Slate/Fonts/Roboto-Light.ttf' (167K)
[2020.02.19-22.52.35:759][  0]LogContentBrowser: Native class hierarchy updated for 'HierarchicalLODOutliner' in 0.0015 seconds. Added 0 classes and 0 folders.
[2020.02.19-22.52.35:759][  0]LogLoad: (Engine Initialization) Total time: 29.70 seconds
[2020.02.19-22.52.35:760][  0]LogLoad: (Engine Initialization) Total Blueprint compile time: 0.00 seconds
[2020.02.19-22.52.36:086][  0]LogContentStreaming: Texture pool size now 1000 MB
[2020.02.19-22.52.36:259][  2]LogAssetRegistry: Asset discovery search completed in 20.4295 seconds
[2020.02.19-22.52.36:265][  2]LogCollectionManager: Fixed up redirectors for 0 collections in 0.000013 seconds (updated 0 objects)
[2020.02.19-22.52.37:213][  5]LogSlate: Took 0.000252 seconds to synchronously load lazily loaded font '../../../Engine/Content/Slate/Fonts/Roboto-Light.ttf' (167K)
[2020.02.19-22.52.49:790][ 72]LogAssetEditorSubsystem: Opening Asset editor for Blueprint /Game/Key_Pickup.Key_Pickup
[2020.02.19-22.52.50:072][ 72]LogContentBrowser: Native class hierarchy updated for 'BlueprintGraph' in 0.0010 seconds. Added 121 classes and 0 folders.
[2020.02.19-22.52.51:621][ 72]LogSlate: Took 0.000259 seconds to synchronously load lazily loaded font '../../../Engine/Content/Slate/Fonts/Roboto-BoldCondensed.ttf' (158K)
[2020.02.19-22.52.51:691][ 73]LogSlate: Took 0.000706 seconds to synchronously load lazily loaded font '../../../Engine/Content/Slate/Fonts/Roboto-Italic.ttf' (157K)
[2020.02.19-22.52.55:671][173]LogAssetEditorSubsystem: Opening Asset editor for Material /Game/key_mat.key_mat
[2020.02.19-22.52.55:679][173]LogMaterial: Display: Missing cached shader map for material key_mat, compiling. 
[2020.02.19-22.52.56:214][173]LogMaterial: Display: Missing cached shader map for material key_mat, compiling. 
[2020.02.19-22.52.56:238][173]LogMaterial: Display: Missing cached shader map for material key_mat, compiling. 
[2020.02.19-22.52.56:260][173]LogShaderCompilers: Display: Worker (1/5): shaders left to compile 9
[2020.02.19-22.52.56:260][173]LogShaderCompilers: Display: Worker (2/5): shaders left to compile 8
[2020.02.19-22.52.56:260][173]LogShaderCompilers: Display: Worker (3/5): shaders left to compile 7
[2020.02.19-22.52.56:260][173]LogShaderCompilers: Display: Worker (4/5): shaders left to compile 6
[2020.02.19-22.52.56:268][173]LogMaterial: Display: Missing cached shader map for material FMatExpressionPreview MaterialExpressionConstant3Vector_0, compiling. 
[2020.02.19-22.52.57:782][198]LogShaderCompilers: Display: Worker (3/5): shaders left to compile 9
[2020.02.19-22.52.58:296][206]LogShaderCompilers: Display: Worker (1/5): shaders left to compile 8
[2020.02.19-22.52.58:365][208]LogShaderCompilers: Display: Worker (2/5): shaders left to compile 7
[2020.02.19-22.52.58:470][210]LogShaderCompilers: Display: Worker (4/5): shaders left to compile 6
[2020.02.19-22.52.59:185][224]LogShaderCompilers: Display: Worker (1/5): shaders left to compile 5
[2020.02.19-22.52.59:377][227]LogShaderCompilers: Display: Worker (3/5): shaders left to compile 4
[2020.02.19-22.52.59:707][233]LogShaderCompilers: Display: Worker (2/5): shaders left to compile 3
[2020.02.19-22.52.59:848][235]LogShaderCompilers: Display: Worker (4/5): shaders left to compile 2
[2020.02.19-22.53.00:112][239]LogShaderCompilers: Display: Worker (1/5): shaders left to compile 1
[2020.02.19-22.53.00:138][239]MaterialEditorStats: Base pass shader: 118 instructions
[2020.02.19-22.53.00:138][239]MaterialEditorStats: Base pass shader with Volumetric Lightmap: 192 instructions
[2020.02.19-22.53.00:139][239]MaterialEditorStats: Base pass vertex shader: 40 instructions
[2020.02.19-22.53.00:139][239]MaterialEditorStats: Texture samplers: 2/16
[2020.02.19-22.53.02:785][274]LogMaterial: Display: Missing cached shader map for material key_mat, compiling. 
[2020.02.19-22.53.02:914][275]LogShaderCompilers: Display: Worker (1/5): shaders left to compile 9
[2020.02.19-22.53.02:914][275]LogShaderCompilers: Display: Worker (2/5): shaders left to compile 8
[2020.02.19-22.53.02:914][275]LogShaderCompilers: Display: Worker (3/5): shaders left to compile 7
[2020.02.19-22.53.02:914][275]LogShaderCompilers: Display: Worker (4/5): shaders left to compile 6
[2020.02.19-22.53.04:970][307]LogShaderCompilers: Display: Worker (3/5): shaders left to compile 5
[2020.02.19-22.53.05:511][310]LogMaterial: Display: Missing cached shader map for material key_mat, compiling. 
[2020.02.19-22.53.06:029][316]LogShaderCompilers: Display: Worker (1/5): shaders left to compile 9
[2020.02.19-22.53.06:187][319]LogShaderCompilers: Display: Worker (2/5): shaders left to compile 8
[2020.02.19-22.53.06:357][320]LogShaderCompilers: Display: Worker (4/5): shaders left to compile 7
[2020.02.19-22.53.06:992][331]LogMaterialEditor: Saving and Compiling material key_mat
[2020.02.19-22.53.09:919][331]LogShaderCompilers: Display: Worker (3/5): shaders left to compile 6
[2020.02.19-22.53.09:919][331]LogShaderCompilers: Display: Worker (4/5): shaders left to compile 5
[2020.02.19-22.53.09:919][331]LogShaderCompilers: Display: Worker (1/5): shaders left to compile 4
[2020.02.19-22.53.09:919][331]LogShaderCompilers: Display: Worker (2/5): shaders left to compile 3
[2020.02.19-22.53.10:006][331]LogMaterial: Display: Missing cached shader map for material key_mat, compiling. 
[2020.02.19-22.53.10:215][331]LogShaderCompilers: Display: Worker (1/5): shaders left to compile 9
[2020.02.19-22.53.10:280][331]LogShaderCompilers: Display: Worker (3/5): shaders left to compile 8
[2020.02.19-22.53.10:374][331]LogMaterial: Display: Missing cached shader map for material key_mat, compiling. 
[2020.02.19-22.53.10:522][331]LogShaderCompilers: Display: Worker (4/5): shaders left to compile 7
[2020.02.19-22.53.10:683][331]LogUObjectHash: Compacting FUObjectHashTables data took  20.50ms
[2020.02.19-22.53.10:784][331]LogMaterial: Display: Missing cached shader map for material DebugViewMode MaterialTexCoordScale, compiling. 
[2020.02.19-22.53.15:567][331]LogShaderCompilers: Display: Worker (2/5): shaders left to compile 23
[2020.02.19-22.53.15:567][331]LogShaderCompilers: Display: Worker (4/5): shaders left to compile 22
[2020.02.19-22.53.15:567][331]LogShaderCompilers: Display: Worker (1/5): shaders left to compile 21
[2020.02.19-22.53.15:567][331]LogShaderCompilers: Display: Worker (3/5): shaders left to compile 20
[2020.02.19-22.53.15:567][331]LogShaderCompilers: Display: Worker (2/5): shaders left to compile 19
[2020.02.19-22.53.15:567][331]LogShaderCompilers: Display: Worker (1/5): shaders left to compile 18
[2020.02.19-22.53.15:567][331]LogShaderCompilers: Display: Worker (4/5): shaders left to compile 17
[2020.02.19-22.53.15:568][331]LogShaderCompilers: Display: Worker (3/5): shaders left to compile 16
[2020.02.19-22.53.15:568][331]LogShaderCompilers: Display: Worker (4/5): shaders left to compile 15
[2020.02.19-22.53.15:568][331]LogShaderCompilers: Display: Worker (2/5): shaders left to compile 11
[2020.02.19-22.53.15:568][331]LogShaderCompilers: Display: Worker (1/5): shaders left to compile 8
[2020.02.19-22.53.15:568][331]LogShaderCompilers: Display: Worker (3/5): shaders left to compile 5
[2020.02.19-22.53.15:589][331]TextureStreamingBuild: Display: Compiling optional shaders took 4.902 seconds.
[2020.02.19-22.53.15:728][331]LogUObjectHash: Compacting FUObjectHashTables data took   4.86ms
[2020.02.19-22.53.22:392][331]LogShaderCompilers: Display: Worker (3/5): shaders left to compile 3
[2020.02.19-22.53.22:392][331]LogShaderCompilers: Display: Worker (2/5): shaders left to compile 2
[2020.02.19-22.53.22:392][331]LogShaderCompilers: Display: Worker (3/5): shaders left to compile 1
[2020.02.19-22.53.22:522][331]Cmd: OBJ SAVEPACKAGE PACKAGE="/Game/key_mat" FILE="D:/Chintan/Unreal-test-1/MyProjectMaze/Content/key_mat.uasset" SILENT=true
[2020.02.19-22.53.22:641][331]LogSavePackage: Moving 'D:/Chintan/Unreal-test-1/MyProjectMaze/Saved/key_mat0CE6D7444F68138F5A5F759052681F91.tmp' to 'D:/Chintan/Unreal-test-1/MyProjectMaze/Content/key_mat.uasset'
[2020.02.19-22.53.22:711][331]AssetCheck: New page: Asset Save: key_mat
[2020.02.19-22.53.22:711][331]LogContentValidation: Display: Validating Material /Game/key_mat.key_mat
[2020.02.19-22.53.22:713][331]MaterialEditorStats: Base pass shader: 118 instructions
[2020.02.19-22.53.22:713][331]MaterialEditorStats: Base pass shader with Volumetric Lightmap: 192 instructions
[2020.02.19-22.53.22:713][331]MaterialEditorStats: Base pass vertex shader: 40 instructions
[2020.02.19-22.53.22:713][331]MaterialEditorStats: Texture samplers: 3/16
[2020.02.19-22.53.23:163][340]LogSlate: Window 'key_mat' being destroyed
[2020.02.19-22.53.23:221][340]LogSlate: Window 'key_mat' being destroyed
[2020.02.19-22.53.23:274][340]LogWorld: UWorld::CleanupWorld for World_4, bSessionEnded=true, bCleanupResources=true
[2020.02.19-22.53.23:274][340]LogSlate: InvalidateAllWidgets triggered.  All widgets were invalidated
[2020.02.19-22.53.52:087][283]LogEditorTransaction: Undo Move Node
[2020.02.19-22.54.05:056][553]BlueprintLog: New page: Compile Key_Pickup
[2020.02.19-22.54.05:567][553]LogUObjectHash: Compacting FUObjectHashTables data took   7.81ms
[2020.02.19-22.54.07:143][574]Cmd: OBJ SAVEPACKAGE PACKAGE="/Game/Key_Pickup" FILE="D:/Chintan/Unreal-test-1/MyProjectMaze/Content/Key_Pickup.uasset" SILENT=true
[2020.02.19-22.54.07:221][574]LogSavePackage: Moving 'D:/Chintan/Unreal-test-1/MyProjectMaze/Saved/Key_Pickup0BC5DFD14664F339A6AB95B18F84A9BC.tmp' to 'D:/Chintan/Unreal-test-1/MyProjectMaze/Content/Key_Pickup.uasset'
[2020.02.19-22.54.07:280][574]AssetCheck: New page: Asset Save: Key_Pickup
[2020.02.19-22.54.07:280][574]LogContentValidation: Display: Validating Blueprint /Game/Key_Pickup.Key_Pickup
[2020.02.19-22.54.11:165][663]LogTemp: Repeating last play command: New Editor Window (PIE)
[2020.02.19-22.54.11:187][663]LogPlayLevel: PlayLevel: No blueprints needed recompiling
[2020.02.19-22.54.11:187][663]PIE: New page: PIE session: Maze (Feb 20, 2020, 12:54:11 AM)
[2020.02.19-22.54.11:188][663]LogOnline: OSS: Creating online subsystem instance for: NULL
[2020.02.19-22.54.11:190][663]LogOnline: OSS: TryLoadSubsystemAndSetDefault: Loaded subsystem for module [NULL]
[2020.02.19-22.54.11:190][663]LogPlayLevel: Creating play world package: /Game/UEDPIE_0_Maze
[2020.02.19-22.54.11:208][663]LogPlayLevel: PIE: StaticDuplicateObject took: (0.017338s)
[2020.02.19-22.54.11:210][663]LogAIModule: Creating AISystem for world Maze
[2020.02.19-22.54.11:210][663]LogPlayLevel: PIE: World Init took: (0.002573s)
[2020.02.19-22.54.11:210][663]LogPlayLevel: PIE: Created PIE world by copying editor world from /Game/Maze.Maze to /Game/UEDPIE_0_Maze.Maze (0.020297s)
[2020.02.19-22.54.11:307][663]LogUObjectHash: Compacting FUObjectHashTables data took  11.63ms
[2020.02.19-22.54.11:310][663]LogAudioMixer: Display: Audio Mixer Platform Settings:
[2020.02.19-22.54.11:310][663]LogAudioMixer: Display: 	Sample Rate:						  48000
[2020.02.19-22.54.11:310][663]LogAudioMixer: Display: 	Callback Buffer Frame Size Requested: 1024
[2020.02.19-22.54.11:310][663]LogAudioMixer: Display: 	Callback Buffer Frame Size To Use:	  1024
[2020.02.19-22.54.11:310][663]LogAudioMixer: Display: 	Number of buffers to queue:			  2
[2020.02.19-22.54.11:310][663]LogAudioMixer: Display: 	Max Channels (voices):				  32
[2020.02.19-22.54.11:310][663]LogAudioMixer: Display: 	Number of Async Source Workers:		  0
[2020.02.19-22.54.11:310][663]LogAudio: Display: AudioDevice MaxSources: 32
[2020.02.19-22.54.11:311][663]LogAudio: Display: Using built-in audio occlusion.
[2020.02.19-22.54.11:312][663]LogAudioMixer: Display: Initializing audio mixer.
[2020.02.19-22.54.11:320][663]LogAudioMixer: Display: Audio Device Output Speaker Info:
[2020.02.19-22.54.11:320][663]LogAudioMixer: Display: Name: Speakers / Headphones (Realtek Audio)
[2020.02.19-22.54.11:320][663]LogAudioMixer: Display: Is Default: Yes
[2020.02.19-22.54.11:320][663]LogAudioMixer: Display: Sample Rate: 48000
[2020.02.19-22.54.11:320][663]LogAudioMixer: Display: Channel Count Used: 2
[2020.02.19-22.54.11:320][663]LogAudioMixer: Display: Device Channel Count: 2
[2020.02.19-22.54.11:320][663]LogAudioMixer: Display: Channel Order:
[2020.02.19-22.54.11:320][663]LogAudioMixer: Display: 0: FrontLeft
[2020.02.19-22.54.11:320][663]LogAudioMixer: Display: 1: FrontRight
[2020.02.19-22.54.11:449][663]LogAudioMixer: Display: Using Audio Device Speakers / Headphones (Realtek Audio)
[2020.02.19-22.54.11:452][663]LogInit: FAudioDevice initialized.
[2020.02.19-22.54.11:518][663]LogSlate: Updating window title bar state: overlay mode, drag disabled, window buttons hidden, title bar hidden
[2020.02.19-22.54.11:520][663]LogLoad: Game class is 'GameModeBase'
[2020.02.19-22.54.11:530][663]LogWorld: Bringing World /Game/UEDPIE_0_Maze.Maze up for play (max tick rate 0) at 2020.02.19-23.54.11
[2020.02.19-22.54.11:531][663]LogWorld: Bringing up level for play took: 0.004616
[2020.02.19-22.54.11:532][663]LogOnline: OSS: Creating online subsystem instance for: :Context_6
[2020.02.19-22.54.11:536][663]LogGameMode: FindPlayerStart: PATHS NOT DEFINED or NO PLAYERSTART with positive rating
[2020.02.19-22.54.11:557][663]LogContentBrowser: Native class hierarchy updated for 'MovieSceneCapture' in 0.0012 seconds. Added 20 classes and 0 folders.
[2020.02.19-22.54.11:561][663]PIE: Play in editor start time for /Game/UEDPIE_0_Maze 0.563
[2020.02.19-22.54.11:664][664]LogRenderer: Reallocating scene render targets to support 1024x576 Format 10 NumSamples 1 (Frame:1).
[2020.02.19-22.54.15:063][706]LogBlueprintUserMessages: [Door_78] Hello
[2020.02.19-22.54.17:596][744]LogBlueprintUserMessages: [Door_78] Hello
[2020.02.19-22.54.18:730][761]LogAudioMixer: Display: No commands were queued while flushing the source manager.
[2020.02.19-22.54.18:730][761]LogAudioMixer: Display: No commands were queued while flushing the source manager.
[2020.02.19-22.54.18:730][761]LogSlate: Updating window title bar state: overlay mode, drag disabled, window buttons hidden, title bar hidden
[2020.02.19-22.54.18:730][761]LogWorld: BeginTearingDown for /Game/UEDPIE_0_Maze
[2020.02.19-22.54.18:757][761]LogSlate: Window 'MyProjectMaze Game Preview Standalone (64-bit/PCD3D_SM5)' being destroyed
[2020.02.19-22.54.18:871][761]LogAudioMixer: Display: No commands were queued while flushing the source manager.
[2020.02.19-22.54.18:871][761]LogWorld: UWorld::CleanupWorld for Maze, bSessionEnded=true, bCleanupResources=true
[2020.02.19-22.54.18:871][761]LogSlate: InvalidateAllWidgets triggered.  All widgets were invalidated
[2020.02.19-22.54.18:897][761]LogPlayLevel: Display: Shutting down PIE online subsystems
[2020.02.19-22.54.18:911][761]LogSlate: InvalidateAllWidgets triggered.  All widgets were invalidated
[2020.02.19-22.54.19:051][761]LogAudioMixer: Display: No commands were queued while flushing the source manager.
[2020.02.19-22.54.19:112][761]LogUObjectHash: Compacting FUObjectHashTables data took   7.69ms
[2020.02.19-22.54.19:143][762]LogPlayLevel: Display: Destroying online subsystem :Context_6
[2020.02.19-22.54.23:025][841]LogAssetEditorSubsystem: Opening Asset editor for Blueprint /Game/Door.Door
[2020.02.19-22.54.42:071][195]BlueprintLog: New page: Compile Door
[2020.02.19-22.54.42:647][195]LogUObjectHash: Compacting FUObjectHashTables data took  10.11ms
[2020.02.19-22.54.43:549][205]Cmd: OBJ SAVEPACKAGE PACKAGE="/Game/Door" FILE="D:/Chintan/Unreal-test-1/MyProjectMaze/Content/Door.uasset" SILENT=true
[2020.02.19-22.54.43:644][205]LogSavePackage: Moving 'D:/Chintan/Unreal-test-1/MyProjectMaze/Saved/Door0E65C7414E259FF8546AA9B55C1DFB2F.tmp' to 'D:/Chintan/Unreal-test-1/MyProjectMaze/Content/Door.uasset'
[2020.02.19-22.54.43:688][205]AssetCheck: New page: Asset Save: Door
[2020.02.19-22.54.43:689][205]LogContentValidation: Display: Validating Blueprint /Game/Door.Door
[2020.02.19-22.54.44:636][228]LogTemp: Repeating last play command: New Editor Window (PIE)
[2020.02.19-22.54.44:655][228]LogPlayLevel: PlayLevel: No blueprints needed recompiling
[2020.02.19-22.54.44:655][228]PIE: New page: PIE session: Maze (Feb 20, 2020, 12:54:44 AM)
[2020.02.19-22.54.44:655][228]LogPlayLevel: Creating play world package: /Game/UEDPIE_0_Maze
[2020.02.19-22.54.44:671][228]LogPlayLevel: PIE: StaticDuplicateObject took: (0.015133s)
[2020.02.19-22.54.44:673][228]LogAIModule: Creating AISystem for world Maze
[2020.02.19-22.54.44:673][228]LogPlayLevel: PIE: World Init took: (0.002249s)
[2020.02.19-22.54.44:673][228]LogPlayLevel: PIE: Created PIE world by copying editor world from /Game/Maze.Maze to /Game/UEDPIE_0_Maze.Maze (0.017663s)
[2020.02.19-22.54.44:791][228]LogUObjectHash: Compacting FUObjectHashTables data took  17.39ms
[2020.02.19-22.54.44:792][228]LogAudioMixer: Display: Audio Mixer Platform Settings:
[2020.02.19-22.54.44:792][228]LogAudioMixer: Display: 	Sample Rate:						  48000
[2020.02.19-22.54.44:792][228]LogAudioMixer: Display: 	Callback Buffer Frame Size Requested: 1024
[2020.02.19-22.54.44:792][228]LogAudioMixer: Display: 	Callback Buffer Frame Size To Use:	  1024
[2020.02.19-22.54.44:792][228]LogAudioMixer: Display: 	Number of buffers to queue:			  2
[2020.02.19-22.54.44:792][228]LogAudioMixer: Display: 	Max Channels (voices):				  32
[2020.02.19-22.54.44:792][228]LogAudioMixer: Display: 	Number of Async Source Workers:		  0
[2020.02.19-22.54.44:792][228]LogAudio: Display: AudioDevice MaxSources: 32
[2020.02.19-22.54.44:793][228]LogAudio: Display: Using built-in audio occlusion.
[2020.02.19-22.54.44:793][228]LogAudioMixer: Display: Initializing audio mixer.
[2020.02.19-22.54.44:801][228]LogAudioMixer: Display: Audio Device Output Speaker Info:
[2020.02.19-22.54.44:801][228]LogAudioMixer: Display: Name: Speakers / Headphones (Realtek Audio)
[2020.02.19-22.54.44:801][228]LogAudioMixer: Display: Is Default: Yes
[2020.02.19-22.54.44:801][228]LogAudioMixer: Display: Sample Rate: 48000
[2020.02.19-22.54.44:801][228]LogAudioMixer: Display: Channel Count Used: 2
[2020.02.19-22.54.44:801][228]LogAudioMixer: Display: Device Channel Count: 2
[2020.02.19-22.54.44:801][228]LogAudioMixer: Display: Channel Order:
[2020.02.19-22.54.44:801][228]LogAudioMixer: Display: 0: FrontLeft
[2020.02.19-22.54.44:801][228]LogAudioMixer: Display: 1: FrontRight
[2020.02.19-22.54.44:929][228]LogAudioMixer: Display: Using Audio Device Speakers / Headphones (Realtek Audio)
[2020.02.19-22.54.44:931][228]LogInit: FAudioDevice initialized.
[2020.02.19-22.54.45:002][228]LogSlate: Updating window title bar state: overlay mode, drag disabled, window buttons hidden, title bar hidden
[2020.02.19-22.54.45:003][228]LogLoad: Game class is 'GameModeBase'
[2020.02.19-22.54.45:008][228]LogWorld: Bringing World /Game/UEDPIE_0_Maze.Maze up for play (max tick rate 0) at 2020.02.19-23.54.45
[2020.02.19-22.54.45:009][228]LogWorld: Bringing up level for play took: 0.003854
[2020.02.19-22.54.45:009][228]LogOnline: OSS: Creating online subsystem instance for: :Context_8
[2020.02.19-22.54.45:015][228]LogGameMode: FindPlayerStart: PATHS NOT DEFINED or NO PLAYERSTART with positive rating
[2020.02.19-22.54.45:026][228]PIE: Play in editor start time for /Game/UEDPIE_0_Maze 0.027
[2020.02.19-22.54.49:020][288]LogBlueprintUserMessages: [Door_78] Key_Pickup
[2020.02.19-22.54.50:885][316]LogAudioMixer: Display: No commands were queued while flushing the source manager.
[2020.02.19-22.54.50:885][316]LogAudioMixer: Display: No commands were queued while flushing the source manager.
[2020.02.19-22.54.50:886][316]LogSlate: Updating window title bar state: overlay mode, drag disabled, window buttons hidden, title bar hidden
[2020.02.19-22.54.50:886][316]LogWorld: BeginTearingDown for /Game/UEDPIE_0_Maze
[2020.02.19-22.54.50:914][316]LogSlate: Window 'MyProjectMaze Game Preview Standalone (64-bit/PCD3D_SM5)' being destroyed
[2020.02.19-22.54.51:036][316]LogAudioMixer: Display: No commands were queued while flushing the source manager.
[2020.02.19-22.54.51:037][316]LogWorld: UWorld::CleanupWorld for Maze, bSessionEnded=true, bCleanupResources=true
[2020.02.19-22.54.51:038][316]LogSlate: InvalidateAllWidgets triggered.  All widgets were invalidated
[2020.02.19-22.54.51:089][316]LogPlayLevel: Display: Shutting down PIE online subsystems
[2020.02.19-22.54.51:104][316]LogSlate: InvalidateAllWidgets triggered.  All widgets were invalidated
[2020.02.19-22.54.51:230][316]LogAudioMixer: Display: No commands were queued while flushing the source manager.
[2020.02.19-22.54.51:256][316]LogUObjectHash: Compacting FUObjectHashTables data took   9.59ms
[2020.02.19-22.54.51:395][317]LogPlayLevel: Display: Destroying online subsystem :Context_8
[2020.02.19-22.55.11:193][945]BlueprintLog: New page: Compile Door
[2020.02.19-22.55.11:815][945]LogUObjectHash: Compacting FUObjectHashTables data took   9.61ms
[2020.02.19-22.55.12:603][961]Cmd: OBJ SAVEPACKAGE PACKAGE="/Game/Door" FILE="D:/Chintan/Unreal-test-1/MyProjectMaze/Content/Door.uasset" SILENT=true
[2020.02.19-22.55.12:671][961]LogSavePackage: Moving 'D:/Chintan/Unreal-test-1/MyProjectMaze/Saved/Door1D3951DC4CC4648D7ECD4EAEECEC7DBB.tmp' to 'D:/Chintan/Unreal-test-1/MyProjectMaze/Content/Door.uasset'
[2020.02.19-22.55.12:713][961]AssetCheck: New page: Asset Save: Door
[2020.02.19-22.55.12:713][961]LogContentValidation: Display: Validating Blueprint /Game/Door.Door
[2020.02.19-22.55.15:826][ 42]LogTemp: Repeating last play command: New Editor Window (PIE)
[2020.02.19-22.55.15:846][ 42]LogPlayLevel: PlayLevel: No blueprints needed recompiling
[2020.02.19-22.55.15:846][ 42]PIE: New page: PIE session: Maze (Feb 20, 2020, 12:55:15 AM)
[2020.02.19-22.55.15:847][ 42]LogPlayLevel: Creating play world package: /Game/UEDPIE_0_Maze
[2020.02.19-22.55.15:861][ 42]LogPlayLevel: PIE: StaticDuplicateObject took: (0.014457s)
[2020.02.19-22.55.15:863][ 42]LogAIModule: Creating AISystem for world Maze
[2020.02.19-22.55.15:864][ 42]LogPlayLevel: PIE: World Init took: (0.002220s)
[2020.02.19-22.55.15:864][ 42]LogPlayLevel: PIE: Created PIE world by copying editor world from /Game/Maze.Maze to /Game/UEDPIE_0_Maze.Maze (0.017022s)
[2020.02.19-22.55.16:014][ 42]LogUObjectHash: Compacting FUObjectHashTables data took  21.35ms
[2020.02.19-22.55.16:018][ 42]LogAudioMixer: Display: Audio Mixer Platform Settings:
[2020.02.19-22.55.16:018][ 42]LogAudioMixer: Display: 	Sample Rate:						  48000
[2020.02.19-22.55.16:018][ 42]LogAudioMixer: Display: 	Callback Buffer Frame Size Requested: 1024
[2020.02.19-22.55.16:018][ 42]LogAudioMixer: Display: 	Callback Buffer Frame Size To Use:	  1024
[2020.02.19-22.55.16:018][ 42]LogAudioMixer: Display: 	Number of buffers to queue:			  2
[2020.02.19-22.55.16:018][ 42]LogAudioMixer: Display: 	Max Channels (voices):				  32
[2020.02.19-22.55.16:019][ 42]LogAudioMixer: Display: 	Number of Async Source Workers:		  0
[2020.02.19-22.55.16:019][ 42]LogAudio: Display: AudioDevice MaxSources: 32
[2020.02.19-22.55.16:020][ 42]LogAudio: Display: Using built-in audio occlusion.
[2020.02.19-22.55.16:020][ 42]LogAudioMixer: Display: Initializing audio mixer.
[2020.02.19-22.55.16:035][ 42]LogAudioMixer: Display: Audio Device Output Speaker Info:
[2020.02.19-22.55.16:035][ 42]LogAudioMixer: Display: Name: Speakers / Headphones (Realtek Audio)
[2020.02.19-22.55.16:035][ 42]LogAudioMixer: Display: Is Default: Yes
[2020.02.19-22.55.16:035][ 42]LogAudioMixer: Display: Sample Rate: 48000
[2020.02.19-22.55.16:035][ 42]LogAudioMixer: Display: Channel Count Used: 2
[2020.02.19-22.55.16:035][ 42]LogAudioMixer: Display: Device Channel Count: 2
[2020.02.19-22.55.16:035][ 42]LogAudioMixer: Display: Channel Order:
[2020.02.19-22.55.16:035][ 42]LogAudioMixer: Display: 0: FrontLeft
[2020.02.19-22.55.16:035][ 42]LogAudioMixer: Display: 1: FrontRight
[2020.02.19-22.55.16:169][ 42]LogAudioMixer: Display: Using Audio Device Speakers / Headphones (Realtek Audio)
[2020.02.19-22.55.16:172][ 42]LogInit: FAudioDevice initialized.
[2020.02.19-22.55.16:248][ 42]LogSlate: Updating window title bar state: overlay mode, drag disabled, window buttons hidden, title bar hidden
[2020.02.19-22.55.16:249][ 42]LogLoad: Game class is 'GameModeBase'
[2020.02.19-22.55.16:255][ 42]LogWorld: Bringing World /Game/UEDPIE_0_Maze.Maze up for play (max tick rate 0) at 2020.02.19-23.55.16
[2020.02.19-22.55.16:255][ 42]LogWorld: Bringing up level for play took: 0.004916
[2020.02.19-22.55.16:256][ 42]LogOnline: OSS: Creating online subsystem instance for: :Context_9
[2020.02.19-22.55.16:261][ 42]LogGameMode: FindPlayerStart: PATHS NOT DEFINED or NO PLAYERSTART with positive rating
[2020.02.19-22.55.16:264][ 42]PIE: Play in editor start time for /Game/UEDPIE_0_Maze 1.266
[2020.02.19-22.55.25:307][177]LogAudioMixer: Display: No commands were queued while flushing the source manager.
[2020.02.19-22.55.25:325][177]LogAudioMixer: Display: Flush succeeded in the source manager command queue (1).
[2020.02.19-22.55.25:345][177]LogAudioMixer: Display: Flush succeeded the source manager command queue (2).
[2020.02.19-22.55.25:345][177]LogSlate: Updating window title bar state: overlay mode, drag disabled, window buttons hidden, title bar hidden
[2020.02.19-22.55.25:346][177]LogWorld: BeginTearingDown for /Game/UEDPIE_0_Maze
[2020.02.19-22.55.25:374][177]LogSlate: Window 'MyProjectMaze Game Preview Standalone (64-bit/PCD3D_SM5)' being destroyed
[2020.02.19-22.55.25:448][177]LogAudioMixer: Display: No commands were queued while flushing the source manager.
[2020.02.19-22.55.25:448][177]LogWorld: UWorld::CleanupWorld for Maze, bSessionEnded=true, bCleanupResources=true
[2020.02.19-22.55.25:449][177]LogSlate: InvalidateAllWidgets triggered.  All widgets were invalidated
[2020.02.19-22.55.25:499][177]LogPlayLevel: Display: Shutting down PIE online subsystems
[2020.02.19-22.55.25:514][177]LogSlate: InvalidateAllWidgets triggered.  All widgets were invalidated
[2020.02.19-22.55.25:656][177]LogAudioMixer: Display: No commands were queued while flushing the source manager.
[2020.02.19-22.55.25:679][177]LogUObjectHash: Compacting FUObjectHashTables data took   8.49ms
[2020.02.19-22.55.25:766][178]LogPlayLevel: Display: Destroying online subsystem :Context_9
[2020.02.19-22.55.27:704][235]Cmd: OBJ SAVEPACKAGE PACKAGE="/Game/Door" FILE="D:/Chintan/Unreal-test-1/MyProjectMaze/Content/Door.uasset" SILENT=true
[2020.02.19-22.55.27:770][235]LogSavePackage: Moving 'D:/Chintan/Unreal-test-1/MyProjectMaze/Saved/Door3349C6C2455C39385DD75288AE5B3D2D.tmp' to 'D:/Chintan/Unreal-test-1/MyProjectMaze/Content/Door.uasset'
[2020.02.19-22.55.27:817][235]AssetCheck: New page: Asset Save: Door
[2020.02.19-22.55.27:817][235]LogContentValidation: Display: Validating Blueprint /Game/Door.Door
[2020.02.19-22.55.47:648][797]Cmd: CAMERA ALIGN ACTIVEVIEWPORTONLY
[2020.02.19-22.56.04:409][297]Cmd: TRANSACTION UNDO
[2020.02.19-22.56.04:409][297]LogEditorTransaction: Undo Move Actors
[2020.02.19-22.56.04:466][297]LogPhysics: Warning: UBodySetup::GetCookInfo: Triangle data from '/Game/Maze.Maze:PersistentLevel.ModelComponent_170' invalid (304 verts, 0 indices).
[2020.02.19-22.56.04:466][297]LogPhysics: Warning: Attempt to build physics data for /Game/Maze.Maze:PersistentLevel.ModelComponent_170.BodySetup_0 when we are unable to.
[2020.02.19-22.56.04:466][297]LogPhysics: Warning: UBodySetup::GetCookInfo: Triangle data from '/Game/Maze.Maze:PersistentLevel.ModelComponent_171' invalid (304 verts, 0 indices).
[2020.02.19-22.56.04:466][297]LogPhysics: Warning: Attempt to build physics data for /Game/Maze.Maze:PersistentLevel.ModelComponent_171.BodySetup_0 when we are unable to.
[2020.02.19-22.56.04:467][297]LogPhysics: Warning: UBodySetup::GetCookInfo: Triangle data from '/Game/Maze.Maze:PersistentLevel.ModelComponent_172' invalid (304 verts, 0 indices).
[2020.02.19-22.56.04:467][297]LogPhysics: Warning: Attempt to build physics data for /Game/Maze.Maze:PersistentLevel.ModelComponent_172.BodySetup_0 when we are unable to.
[2020.02.19-22.56.04:467][297]LogPhysics: Warning: UBodySetup::GetCookInfo: Triangle data from '/Game/Maze.Maze:PersistentLevel.ModelComponent_173' invalid (304 verts, 0 indices).
[2020.02.19-22.56.04:467][297]LogPhysics: Warning: Attempt to build physics data for /Game/Maze.Maze:PersistentLevel.ModelComponent_173.BodySetup_0 when we are unable to.
[2020.02.19-22.56.04:467][297]LogPhysics: Warning: UBodySetup::GetCookInfo: Triangle data from '/Game/Maze.Maze:PersistentLevel.ModelComponent_174' invalid (304 verts, 0 indices).
[2020.02.19-22.56.04:467][297]LogPhysics: Warning: Attempt to build physics data for /Game/Maze.Maze:PersistentLevel.ModelComponent_174.BodySetup_0 when we are unable to.
[2020.02.19-22.56.04:468][297]LogPhysics: Warning: UBodySetup::GetCookInfo: Triangle data from '/Game/Maze.Maze:PersistentLevel.ModelComponent_175' invalid (304 verts, 0 indices).
[2020.02.19-22.56.04:468][297]LogPhysics: Warning: Attempt to build physics data for /Game/Maze.Maze:PersistentLevel.ModelComponent_175.BodySetup_0 when we are unable to.
[2020.02.19-22.56.04:468][297]LogPhysics: Warning: UBodySetup::GetCookInfo: Triangle data from '/Game/Maze.Maze:PersistentLevel.ModelComponent_176' invalid (304 verts, 0 indices).
[2020.02.19-22.56.04:468][297]LogPhysics: Warning: Attempt to build physics data for /Game/Maze.Maze:PersistentLevel.ModelComponent_176.BodySetup_0 when we are unable to.
[2020.02.19-22.56.04:468][297]LogPhysics: Warning: UBodySetup::GetCookInfo: Triangle data from '/Game/Maze.Maze:PersistentLevel.ModelComponent_177' invalid (304 verts, 0 indices).
[2020.02.19-22.56.04:468][297]LogPhysics: Warning: Attempt to build physics data for /Game/Maze.Maze:PersistentLevel.ModelComponent_177.BodySetup_0 when we are unable to.
[2020.02.19-22.56.04:469][297]LogPhysics: Warning: UBodySetup::GetCookInfo: Triangle data from '/Game/Maze.Maze:PersistentLevel.ModelComponent_178' invalid (304 verts, 0 indices).
[2020.02.19-22.56.04:469][297]LogPhysics: Warning: Attempt to build physics data for /Game/Maze.Maze:PersistentLevel.ModelComponent_178.BodySetup_0 when we are unable to.
[2020.02.19-22.56.04:469][297]LogPhysics: Warning: UBodySetup::GetCookInfo: Triangle data from '/Game/Maze.Maze:PersistentLevel.ModelComponent_179' invalid (304 verts, 0 indices).
[2020.02.19-22.56.04:469][297]LogPhysics: Warning: Attempt to build physics data for /Game/Maze.Maze:PersistentLevel.ModelComponent_179.BodySetup_0 when we are unable to.
[2020.02.19-22.56.07:425][340]LogEditorViewport: Clicking Background
[2020.02.19-22.56.31:798][839]Cmd: EDIT COPY
[2020.02.19-22.56.32:332][847]Cmd: EDIT PASTE
[2020.02.19-22.56.39:646][ 41]Cmd: CAMERA ALIGN ACTIVEVIEWPORTONLY
[2020.02.19-22.56.44:879][173]Cmd: DELETE
[2020.02.19-22.56.44:879][173]Cmd: ACTOR DELETE
[2020.02.19-22.56.44:886][173]LogEditorActor: Deleted Actor: Brush
[2020.02.19-22.56.45:012][173]LogUObjectHash: Compacting FUObjectHashTables data took  15.58ms
[2020.02.19-22.56.45:048][173]LogEditorActor: Deleted 1 Actors (0.169 secs)
[2020.02.19-22.57.08:037][846]Cmd: EDIT COPY
[2020.02.19-22.57.08:304][854]Cmd: EDIT PASTE
[2020.02.19-22.58.04:134][254]Cmd: OBJ SAVEPACKAGE PACKAGE="/Game/Maze" FILE="D:/Chintan/Unreal-test-1/MyProjectMaze/Content/Maze.umap" SILENT=true AUTOSAVING=false KEEPDIRTY=false
[2020.02.19-22.58.04:196][254]LogUObjectHash: Compacting FUObjectHashTables data took   4.08ms
[2020.02.19-22.58.04:247][254]LogSavePackage: Moving 'D:/Chintan/Unreal-test-1/MyProjectMaze/Saved/MazeE3AD5A0148189AC23BC3EFA21CD2DA99.tmp' to 'D:/Chintan/Unreal-test-1/MyProjectMaze/Content/Maze.umap'
[2020.02.19-22.58.04:314][254]AssetCheck: New page: Asset Save: Maze
[2020.02.19-22.58.04:314][254]LogContentValidation: Display: Validating World /Game/Maze.Maze
[2020.02.19-22.58.06:199][305]LogTemp: Repeating last play command: New Editor Window (PIE)
[2020.02.19-22.58.06:211][305]LogPlayLevel: PlayLevel: No blueprints needed recompiling
[2020.02.19-22.58.06:211][305]PIE: New page: PIE session: Maze (Feb 20, 2020, 12:58:06 AM)
[2020.02.19-22.58.06:214][305]LogPlayLevel: Creating play world package: /Game/UEDPIE_0_Maze
[2020.02.19-22.58.06:223][305]LogPlayLevel: PIE: StaticDuplicateObject took: (0.008996s)
[2020.02.19-22.58.06:224][305]LogAIModule: Creating AISystem for world Maze
[2020.02.19-22.58.06:224][305]LogPlayLevel: PIE: World Init took: (0.001336s)
[2020.02.19-22.58.06:224][305]LogPlayLevel: PIE: Created PIE world by copying editor world from /Game/Maze.Maze to /Game/UEDPIE_0_Maze.Maze (0.010527s)
[2020.02.19-22.58.06:306][305]LogUObjectHash: Compacting FUObjectHashTables data took   5.69ms
[2020.02.19-22.58.06:308][305]LogAudioMixer: Display: Audio Mixer Platform Settings:
[2020.02.19-22.58.06:308][305]LogAudioMixer: Display: 	Sample Rate:						  48000
[2020.02.19-22.58.06:308][305]LogAudioMixer: Display: 	Callback Buffer Frame Size Requested: 1024
[2020.02.19-22.58.06:308][305]LogAudioMixer: Display: 	Callback Buffer Frame Size To Use:	  1024
[2020.02.19-22.58.06:308][305]LogAudioMixer: Display: 	Number of buffers to queue:			  2
[2020.02.19-22.58.06:308][305]LogAudioMixer: Display: 	Max Channels (voices):				  32
[2020.02.19-22.58.06:308][305]LogAudioMixer: Display: 	Number of Async Source Workers:		  0
[2020.02.19-22.58.06:308][305]LogAudio: Display: AudioDevice MaxSources: 32
[2020.02.19-22.58.06:308][305]LogAudio: Display: Using built-in audio occlusion.
[2020.02.19-22.58.06:309][305]LogAudioMixer: Display: Initializing audio mixer.
[2020.02.19-22.58.06:314][305]LogAudioMixer: Display: Audio Device Output Speaker Info:
[2020.02.19-22.58.06:314][305]LogAudioMixer: Display: Name: Speakers / Headphones (Realtek Audio)
[2020.02.19-22.58.06:314][305]LogAudioMixer: Display: Is Default: Yes
[2020.02.19-22.58.06:314][305]LogAudioMixer: Display: Sample Rate: 48000
[2020.02.19-22.58.06:314][305]LogAudioMixer: Display: Channel Count Used: 2
[2020.02.19-22.58.06:314][305]LogAudioMixer: Display: Device Channel Count: 2
[2020.02.19-22.58.06:314][305]LogAudioMixer: Display: Channel Order:
[2020.02.19-22.58.06:314][305]LogAudioMixer: Display: 0: FrontLeft
[2020.02.19-22.58.06:314][305]LogAudioMixer: Display: 1: FrontRight
[2020.02.19-22.58.06:418][305]LogAudioMixer: Display: Using Audio Device Speakers / Headphones (Realtek Audio)
[2020.02.19-22.58.06:421][305]LogInit: FAudioDevice initialized.
[2020.02.19-22.58.06:486][305]LogSlate: Updating window title bar state: overlay mode, drag disabled, window buttons hidden, title bar hidden
[2020.02.19-22.58.06:486][305]LogLoad: Game class is 'GameModeBase'
[2020.02.19-22.58.06:491][305]LogWorld: Bringing World /Game/UEDPIE_0_Maze.Maze up for play (max tick rate 0) at 2020.02.19-23.58.06
[2020.02.19-22.58.06:492][305]LogWorld: Bringing up level for play took: 0.003959
[2020.02.19-22.58.06:493][305]LogOnline: OSS: Creating online subsystem instance for: :Context_10
[2020.02.19-22.58.06:503][305]PIE: Play in editor start time for /Game/UEDPIE_0_Maze -0.495
[2020.02.19-22.59.34:355][622]LogAudioMixer: Display: No commands were queued while flushing the source manager.
[2020.02.19-22.59.34:375][622]LogAudioMixer: Display: Flush succeeded in the source manager command queue (1).
[2020.02.19-22.59.34:395][622]LogAudioMixer: Display: Flush succeeded the source manager command queue (2).
[2020.02.19-22.59.34:395][622]LogSlate: Updating window title bar state: overlay mode, drag disabled, window buttons hidden, title bar hidden
[2020.02.19-22.59.34:395][622]LogWorld: BeginTearingDown for /Game/UEDPIE_0_Maze
[2020.02.19-22.59.34:427][622]LogSlate: Window 'MyProjectMaze Game Preview Standalone (64-bit/PCD3D_SM5)' being destroyed
[2020.02.19-22.59.34:502][622]LogAudioMixer: Display: No commands were queued while flushing the source manager.
[2020.02.19-22.59.34:503][622]LogWorld: UWorld::CleanupWorld for Maze, bSessionEnded=true, bCleanupResources=true
[2020.02.19-22.59.34:505][622]LogSlate: InvalidateAllWidgets triggered.  All widgets were invalidated
[2020.02.19-22.59.34:546][622]LogPlayLevel: Display: Shutting down PIE online subsystems
[2020.02.19-22.59.34:563][622]LogSlate: InvalidateAllWidgets triggered.  All widgets were invalidated
[2020.02.19-22.59.34:708][622]LogAudioMixer: Display: No commands were queued while flushing the source manager.
[2020.02.19-22.59.34:733][622]LogUObjectHash: Compacting FUObjectHashTables data took   8.51ms
[2020.02.19-22.59.34:764][623]LogPlayLevel: Display: Destroying online subsystem :Context_10
[2020.02.19-23.22.09:022][867]LogTemp: Resetting audio stream to device id 
[2020.02.19-23.22.09:059][867]LogAudioMixer: Display: Audio Device Output Speaker Info:
[2020.02.19-23.22.09:059][867]LogAudioMixer: Display: Name: Speakers / Headphones (Realtek Audio)
[2020.02.19-23.22.09:059][867]LogAudioMixer: Display: Is Default: Yes
[2020.02.19-23.22.09:059][867]LogAudioMixer: Display: Sample Rate: 48000
[2020.02.19-23.22.09:059][867]LogAudioMixer: Display: Channel Count Used: 2
[2020.02.19-23.22.09:059][867]LogAudioMixer: Display: Device Channel Count: 2
[2020.02.19-23.22.09:059][867]LogAudioMixer: Display: Channel Order:
[2020.02.19-23.22.09:059][867]LogAudioMixer: Display: 0: FrontLeft
[2020.02.19-23.22.09:059][867]LogAudioMixer: Display: 1: FrontRight
[2020.02.20-02.22.11:660][872]LogUdpMessaging: Warning: UDP messaging encountered an error. Auto repair routine started for reinitialization
[2020.02.20-02.22.12:927][872]LogTemp: Resetting audio stream to device id 
[2020.02.20-02.22.12:979][872]LogAudioMixer: Display: Audio Device Output Speaker Info:
[2020.02.20-02.22.12:979][872]LogAudioMixer: Display: Name: Speakers / Headphones (Realtek Audio)
[2020.02.20-02.22.12:979][872]LogAudioMixer: Display: Is Default: Yes
[2020.02.20-02.22.12:979][872]LogAudioMixer: Display: Sample Rate: 48000
[2020.02.20-02.22.12:979][872]LogAudioMixer: Display: Channel Count Used: 2
[2020.02.20-02.22.12:980][872]LogAudioMixer: Display: Device Channel Count: 2
[2020.02.20-02.22.12:980][872]LogAudioMixer: Display: Channel Order:
[2020.02.20-02.22.12:980][872]LogAudioMixer: Display: 0: FrontLeft
[2020.02.20-02.22.12:980][872]LogAudioMixer: Display: 1: FrontRight
[2020.02.20-02.22.16:274][873]LogTemp: Resetting audio stream to device id 
[2020.02.20-02.22.16:506][873]LogAudioMixer: Display: Audio Device Output Speaker Info:
[2020.02.20-02.22.16:510][873]LogAudioMixer: Display: Name: Speakers / Headphones (Realtek Audio)
[2020.02.20-02.22.16:510][873]LogAudioMixer: Display: Is Default: Yes
[2020.02.20-02.22.16:510][873]LogAudioMixer: Display: Sample Rate: 48000
[2020.02.20-02.22.16:510][873]LogAudioMixer: Display: Channel Count Used: 2
[2020.02.20-02.22.16:510][873]LogAudioMixer: Display: Device Channel Count: 2
[2020.02.20-02.22.16:510][873]LogAudioMixer: Display: Channel Order:
[2020.02.20-02.22.16:510][873]LogAudioMixer: Display: 0: FrontLeft
[2020.02.20-02.22.16:510][873]LogAudioMixer: Display: 1: FrontRight
[2020.02.20-06.58.11:484][885]LogAudioMixer: Display: Audio Buffer Underrun detected.
[2020.02.20-06.58.11:484][885]LogAudioMixer: Display: Audio Buffer Underrun detected.
[2020.02.20-06.58.11:484][885]LogUdpMessaging: Warning: UDP messaging encountered an error. Auto repair routine started for reinitialization
[2020.02.20-06.58.11:513][885]LogTemp: Resetting audio stream to device id 
[2020.02.20-06.58.11:633][885]LogAudioMixer: Display: Audio Device Output Speaker Info:
[2020.02.20-06.58.11:633][885]LogAudioMixer: Display: Name: Speakers / Headphones (Realtek Audio)
[2020.02.20-06.58.11:633][885]LogAudioMixer: Display: Is Default: Yes
[2020.02.20-06.58.11:633][885]LogAudioMixer: Display: Sample Rate: 48000
[2020.02.20-06.58.11:634][885]LogAudioMixer: Display: Channel Count Used: 2
[2020.02.20-06.58.11:634][885]LogAudioMixer: Display: Device Channel Count: 2
[2020.02.20-06.58.11:634][885]LogAudioMixer: Display: Channel Order:
[2020.02.20-06.58.11:634][885]LogAudioMixer: Display: 0: FrontLeft
[2020.02.20-06.58.11:634][885]LogAudioMixer: Display: 1: FrontRight
[2020.02.20-06.58.12:530][887]LogHttp: Warning: 000001EFBBC8F4C0: invalid HTTP response code received. URL: https://datarouter.ol.epicgames.com/datarouter/api/v1/public/data?SessionID=%7B3B55DA32-44AA-EC07-3EFB-0CBD800D2854%7D&AppID=UEEditor.Rocket.Release&AppVersion=4.24.2-11100242%2B%2B%2BUE4%2BRelease-4.24&UserID=c27ea2df4b328407de69e7bbba5d1a74%7C480a49f3bfce410eba5cd9db0c884c98%7Cf6fbed74-cbba-4512-a5ec-0738281f2d34&AppEnvironment=datacollector-binary&UploadType=eteventstream, HTTP code: 0, content length: 0, actual payload size: 0
[2020.02.20-06.58.12:536][887]LogHttp: Warning: 000001EFBBC8F4C0: request failed, libcurl error: 6 (Couldn't resolve host name)
[2020.02.20-06.58.12:546][887]LogHttp: Warning: 000001EFBBC8F4C0: libcurl info message cache 0 (Connection 12 seems to be dead!)
[2020.02.20-06.58.12:546][887]LogHttp: Warning: 000001EFBBC8F4C0: libcurl info message cache 1 (Closing connection 12)
[2020.02.20-06.58.12:547][887]LogHttp: Warning: 000001EFBBC8F4C0: libcurl info message cache 2 (Could not resolve host: datarouter.ol.epicgames.com)
[2020.02.20-06.58.12:547][887]LogHttp: Warning: 000001EFBBC8F4C0: libcurl info message cache 3 (Closing connection 13)
[2020.02.20-06.58.12:906][887]FUdpSocketBuilder: Failed to subscribe UdpMessageMulticastSocket to multicast group 230.0.0.1 on interface 0.0.0.0
[2020.02.20-06.58.12:909][887]FUdpSocketBuilder: Failed to create and initialize socket UdpMessageMulticastSocket (last error: 0)
[2020.02.20-06.58.12:909][887]LogUdpMessaging: Warning: StartTransport failed to create multicast socket on 0.0.0.0:0, joined to 230.0.0.1:6666 with TTL 1
[2020.02.20-06.58.12:985][887]LogUdpMessaging: Warning: UDP messaging encountered an error. Auto repair routine started for reinitialization
[2020.02.20-06.58.13:018][888]LogHttp: Warning: Retry exhausted on https://datarouter.ol.epicgames.com/datarouter/api/v1/public/data?SessionID=%7B3B55DA32-44AA-EC07-3EFB-0CBD800D2854%7D&AppID=UEEditor.Rocket.Release&AppVersion=4.24.2-11100242%2B%2B%2BUE4%2BRelease-4.24&UserID=c27ea2df4b328407de69e7bbba5d1a74%7C480a49f3bfce410eba5cd9db0c884c98%7Cf6fbed74-cbba-4512-a5ec-0738281f2d34&AppEnvironment=datacollector-binary&UploadType=eteventstream
